/scratch/Users/lupa9404/swe4s/cell_segmentation
fijigpu-04
Mon Dec  2 01:31:20 MST 2024
 01:31:20 up 10 days, 10:30,  1 user,  load average: 44.77, 45.49, 46.20
uid=1099861(lupa9404) gid=775(iqbio2024) groups=775(iqbio2024),753(brumbaughLab)
Filesystem                                         Size  Used Avail Use% Mounted on
devtmpfs                                           252G     0  252G   0% /dev
tmpfs                                              252G     0  252G   0% /dev/shm
tmpfs                                              252G   28M  252G   1% /run
tmpfs                                              252G     0  252G   0% /sys/fs/cgroup
/dev/md125                                          89G   17G   68G  20% /
/dev/md126                                         1.5G  118M  1.3G   9% /boot
/dev/md123                                          99G   11G   84G  11% /localscratch
/dev/md122                                          86G   87M   82G   1% /tmp
/dev/md124                                         134G   75G   53G  59% /opt
/dev/md121                                         201M   12M  190M   6% /boot/efi
/dev/md10                                          3.5T   89M  3.3T   1% /cache
beegfs_nodev                                       1.4P  850T  524T  62% /scratch
10.224.33.99:/mnt/z2pool-1/compute-users/siwa3657 1007G   69G  939G   7% /Users/siwa3657
tmpfs                                               51G     0   51G   0% /run/user/879315
10.224.33.99:/mnt/z2pool-1/compute-users/lupa9404  1.0T  3.6G 1021G   1% /Users/lupa9404
/scratch/Users/lupa9404/python_env/swe4s_py39/bin/python
PyTorch Version: 2.5.1+cu118
CUDA available: True
Using GPU: True
Total images loaded: 269
Processing image: /scratch/Users/lupa9404/swe4s/data/32Bx40_bad.png
Found 95 colonies in image 32Bx40_bad.png
Annotated image saved to /scratch/Users/lupa9404/swe4s/cell_segmentation/results_cyto/annotated_32Bx40_bad.png
Saved individual colonies to /scratch/Users/lupa9404/swe4s/cell_segmentation/results_cyto/colonies_32Bx40_bad
Processing image: /scratch/Users/lupa9404/swe4s/data/32Jx40_bad.png
Found 91 colonies in image 32Jx40_bad.png
Annotated image saved to /scratch/Users/lupa9404/swe4s/cell_segmentation/results_cyto/annotated_32Jx40_bad.png
Saved individual colonies to /scratch/Users/lupa9404/swe4s/cell_segmentation/results_cyto/colonies_32Jx40_bad
Processing image: /scratch/Users/lupa9404/swe4s/data/48Dx40_bad.png
Found 215 colonies in image 48Dx40_bad.png
Annotated image saved to /scratch/Users/lupa9404/swe4s/cell_segmentation/results_cyto/annotated_48Dx40_bad.png
Saved individual colonies to /scratch/Users/lupa9404/swe4s/cell_segmentation/results_cyto/colonies_48Dx40_bad
Processing image: /scratch/Users/lupa9404/swe4s/data/44Ax40_bad.png
Found 230 colonies in image 44Ax40_bad.png
Annotated image saved to /scratch/Users/lupa9404/swe4s/cell_segmentation/results_cyto/annotated_44Ax40_bad.png
Saved individual colonies to /scratch/Users/lupa9404/swe4s/cell_segmentation/results_cyto/colonies_44Ax40_bad
Processing image: /scratch/Users/lupa9404/swe4s/data/65Cx40_good.png
Found 310 colonies in image 65Cx40_good.png
Annotated image saved to /scratch/Users/lupa9404/swe4s/cell_segmentation/results_cyto/annotated_65Cx40_good.png
Saved individual colonies to /scratch/Users/lupa9404/swe4s/cell_segmentation/results_cyto/colonies_65Cx40_good
Processing image: /scratch/Users/lupa9404/swe4s/data/107Ix40_good.png
Found 324 colonies in image 107Ix40_good.png
Annotated image saved to /scratch/Users/lupa9404/swe4s/cell_segmentation/results_cyto/annotated_107Ix40_good.png
Saved individual colonies to /scratch/Users/lupa9404/swe4s/cell_segmentation/results_cyto/colonies_107Ix40_good
Processing image: /scratch/Users/lupa9404/swe4s/data/99Gx40_good.png
Found 349 colonies in image 99Gx40_good.png
Annotated image saved to /scratch/Users/lupa9404/swe4s/cell_segmentation/results_cyto/annotated_99Gx40_good.png
Saved individual colonies to /scratch/Users/lupa9404/swe4s/cell_segmentation/results_cyto/colonies_99Gx40_good
Processing image: /scratch/Users/lupa9404/swe4s/data/15upx40_good.png
Found 239 colonies in image 15upx40_good.png
Annotated image saved to /scratch/Users/lupa9404/swe4s/cell_segmentation/results_cyto/annotated_15upx40_good.png
Saved individual colonies to /scratch/Users/lupa9404/swe4s/cell_segmentation/results_cyto/colonies_15upx40_good
Processing image: /scratch/Users/lupa9404/swe4s/data/67Ax40_good.png
Found 218 colonies in image 67Ax40_good.png
Annotated image saved to /scratch/Users/lupa9404/swe4s/cell_segmentation/results_cyto/annotated_67Ax40_good.png
Saved individual colonies to /scratch/Users/lupa9404/swe4s/cell_segmentation/results_cyto/colonies_67Ax40_good
Processing image: /scratch/Users/lupa9404/swe4s/data/15up3x40_good.png
Found 231 colonies in image 15up3x40_good.png
Annotated image saved to /scratch/Users/lupa9404/swe4s/cell_segmentation/results_cyto/annotated_15up3x40_good.png
Saved individual colonies to /scratch/Users/lupa9404/swe4s/cell_segmentation/results_cyto/colonies_15up3x40_good
Processing image: /scratch/Users/lupa9404/swe4s/data/82Bx40_bad.png
Found 59 colonies in image 82Bx40_bad.png
Annotated image saved to /scratch/Users/lupa9404/swe4s/cell_segmentation/results_cyto/annotated_82Bx40_bad.png
Saved individual colonies to /scratch/Users/lupa9404/swe4s/cell_segmentation/results_cyto/colonies_82Bx40_bad
Processing image: /scratch/Users/lupa9404/swe4s/data/66Ix40_good.png
Found 498 colonies in image 66Ix40_good.png
Annotated image saved to /scratch/Users/lupa9404/swe4s/cell_segmentation/results_cyto/annotated_66Ix40_good.png
Saved individual colonies to /scratch/Users/lupa9404/swe4s/cell_segmentation/results_cyto/colonies_66Ix40_good
Processing image: /scratch/Users/lupa9404/swe4s/data/32Cx40_bad.png
Found 94 colonies in image 32Cx40_bad.png
Annotated image saved to /scratch/Users/lupa9404/swe4s/cell_segmentation/results_cyto/annotated_32Cx40_bad.png
Saved individual colonies to /scratch/Users/lupa9404/swe4s/cell_segmentation/results_cyto/colonies_32Cx40_bad
Processing image: /scratch/Users/lupa9404/swe4s/data/74Cx40_bad.png
Found 160 colonies in image 74Cx40_bad.png
Annotated image saved to /scratch/Users/lupa9404/swe4s/cell_segmentation/results_cyto/annotated_74Cx40_bad.png
Saved individual colonies to /scratch/Users/lupa9404/swe4s/cell_segmentation/results_cyto/colonies_74Cx40_bad
Processing image: /scratch/Users/lupa9404/swe4s/data/31Ax40_good.png
Found 196 colonies in image 31Ax40_good.png
Annotated image saved to /scratch/Users/lupa9404/swe4s/cell_segmentation/results_cyto/annotated_31Ax40_good.png
Saved individual colonies to /scratch/Users/lupa9404/swe4s/cell_segmentation/results_cyto/colonies_31Ax40_good
Processing image: /scratch/Users/lupa9404/swe4s/data/85Nx40_bad.png
Found 141 colonies in image 85Nx40_bad.png
Annotated image saved to /scratch/Users/lupa9404/swe4s/cell_segmentation/results_cyto/annotated_85Nx40_bad.png
Saved individual colonies to /scratch/Users/lupa9404/swe4s/cell_segmentation/results_cyto/colonies_85Nx40_bad
Processing image: /scratch/Users/lupa9404/swe4s/data/94Bx40_good.png
Found 409 colonies in image 94Bx40_good.png
Annotated image saved to /scratch/Users/lupa9404/swe4s/cell_segmentation/results_cyto/annotated_94Bx40_good.png
Saved individual colonies to /scratch/Users/lupa9404/swe4s/cell_segmentation/results_cyto/colonies_94Bx40_good
Processing image: /scratch/Users/lupa9404/swe4s/data/26Dx40_bad.png
Found 145 colonies in image 26Dx40_bad.png
Annotated image saved to /scratch/Users/lupa9404/swe4s/cell_segmentation/results_cyto/annotated_26Dx40_bad.png
Saved individual colonies to /scratch/Users/lupa9404/swe4s/cell_segmentation/results_cyto/colonies_26Dx40_bad
Processing image: /scratch/Users/lupa9404/swe4s/data/84Wx40_bad.png
Found 192 colonies in image 84Wx40_bad.png
Annotated image saved to /scratch/Users/lupa9404/swe4s/cell_segmentation/results_cyto/annotated_84Wx40_bad.png
Saved individual colonies to /scratch/Users/lupa9404/swe4s/cell_segmentation/results_cyto/colonies_84Wx40_bad
Processing image: /scratch/Users/lupa9404/swe4s/data/5x40a_good.png
Found 208 colonies in image 5x40a_good.png
Annotated image saved to /scratch/Users/lupa9404/swe4s/cell_segmentation/results_cyto/annotated_5x40a_good.png
Saved individual colonies to /scratch/Users/lupa9404/swe4s/cell_segmentation/results_cyto/colonies_5x40a_good
Processing image: /scratch/Users/lupa9404/swe4s/data/91Ax40_good.png
Found 117 colonies in image 91Ax40_good.png
Annotated image saved to /scratch/Users/lupa9404/swe4s/cell_segmentation/results_cyto/annotated_91Ax40_good.png
Saved individual colonies to /scratch/Users/lupa9404/swe4s/cell_segmentation/results_cyto/colonies_91Ax40_good
Processing image: /scratch/Users/lupa9404/swe4s/data/66Dx40_good.png
Found 494 colonies in image 66Dx40_good.png
Annotated image saved to /scratch/Users/lupa9404/swe4s/cell_segmentation/results_cyto/annotated_66Dx40_good.png
Saved individual colonies to /scratch/Users/lupa9404/swe4s/cell_segmentation/results_cyto/colonies_66Dx40_good
Processing image: /scratch/Users/lupa9404/swe4s/data/95Bx40_good.png
Found 461 colonies in image 95Bx40_good.png
Annotated image saved to /scratch/Users/lupa9404/swe4s/cell_segmentation/results_cyto/annotated_95Bx40_good.png
Saved individual colonies to /scratch/Users/lupa9404/swe4s/cell_segmentation/results_cyto/colonies_95Bx40_good
Processing image: /scratch/Users/lupa9404/swe4s/data/88Ex40_bad.png
Found 53 colonies in image 88Ex40_bad.png
Annotated image saved to /scratch/Users/lupa9404/swe4s/cell_segmentation/results_cyto/annotated_88Ex40_bad.png
Saved individual colonies to /scratch/Users/lupa9404/swe4s/cell_segmentation/results_cyto/colonies_88Ex40_bad
Processing image: /scratch/Users/lupa9404/swe4s/data/75Dx40_bad.png
Found 28 colonies in image 75Dx40_bad.png
Annotated image saved to /scratch/Users/lupa9404/swe4s/cell_segmentation/results_cyto/annotated_75Dx40_bad.png
Saved individual colonies to /scratch/Users/lupa9404/swe4s/cell_segmentation/results_cyto/colonies_75Dx40_bad
Processing image: /scratch/Users/lupa9404/swe4s/data/47Fx40_bad.png
Found 284 colonies in image 47Fx40_bad.png
Annotated image saved to /scratch/Users/lupa9404/swe4s/cell_segmentation/results_cyto/annotated_47Fx40_bad.png
Saved individual colonies to /scratch/Users/lupa9404/swe4s/cell_segmentation/results_cyto/colonies_47Fx40_bad
Processing image: /scratch/Users/lupa9404/swe4s/data/86Ax40_bad.png
Found 49 colonies in image 86Ax40_bad.png
Annotated image saved to /scratch/Users/lupa9404/swe4s/cell_segmentation/results_cyto/annotated_86Ax40_bad.png
Saved individual colonies to /scratch/Users/lupa9404/swe4s/cell_segmentation/results_cyto/colonies_86Ax40_bad
Processing image: /scratch/Users/lupa9404/swe4s/data/26Ex40_bad.png
Found 138 colonies in image 26Ex40_bad.png
Annotated image saved to /scratch/Users/lupa9404/swe4s/cell_segmentation/results_cyto/annotated_26Ex40_bad.png
Saved individual colonies to /scratch/Users/lupa9404/swe4s/cell_segmentation/results_cyto/colonies_26Ex40_bad
Processing image: /scratch/Users/lupa9404/swe4s/data/98Gx40_bad.png
Found 303 colonies in image 98Gx40_bad.png
Annotated image saved to /scratch/Users/lupa9404/swe4s/cell_segmentation/results_cyto/annotated_98Gx40_bad.png
Saved individual colonies to /scratch/Users/lupa9404/swe4s/cell_segmentation/results_cyto/colonies_98Gx40_bad
Processing image: /scratch/Users/lupa9404/swe4s/data/88Fx40_bad.png
Found 64 colonies in image 88Fx40_bad.png
Annotated image saved to /scratch/Users/lupa9404/swe4s/cell_segmentation/results_cyto/annotated_88Fx40_bad.png
Saved individual colonies to /scratch/Users/lupa9404/swe4s/cell_segmentation/results_cyto/colonies_88Fx40_bad
Processing image: /scratch/Users/lupa9404/swe4s/data/44Kx40_bad.png
Found 273 colonies in image 44Kx40_bad.png
Annotated image saved to /scratch/Users/lupa9404/swe4s/cell_segmentation/results_cyto/annotated_44Kx40_bad.png
Saved individual colonies to /scratch/Users/lupa9404/swe4s/cell_segmentation/results_cyto/colonies_44Kx40_bad
Processing image: /scratch/Users/lupa9404/swe4s/data/50Dx40_good.png
Found 370 colonies in image 50Dx40_good.png
Annotated image saved to /scratch/Users/lupa9404/swe4s/cell_segmentation/results_cyto/annotated_50Dx40_good.png
Saved individual colonies to /scratch/Users/lupa9404/swe4s/cell_segmentation/results_cyto/colonies_50Dx40_good
Processing image: /scratch/Users/lupa9404/swe4s/data/88Dx40_bad.png
Found 176 colonies in image 88Dx40_bad.png
Annotated image saved to /scratch/Users/lupa9404/swe4s/cell_segmentation/results_cyto/annotated_88Dx40_bad.png
Saved individual colonies to /scratch/Users/lupa9404/swe4s/cell_segmentation/results_cyto/colonies_88Dx40_bad
Processing image: /scratch/Users/lupa9404/swe4s/data/84Px40_bad.png
Found 167 colonies in image 84Px40_bad.png
Annotated image saved to /scratch/Users/lupa9404/swe4s/cell_segmentation/results_cyto/annotated_84Px40_bad.png
Saved individual colonies to /scratch/Users/lupa9404/swe4s/cell_segmentation/results_cyto/colonies_84Px40_bad
Processing image: /scratch/Users/lupa9404/swe4s/data/100Dx40_bad.png
Found 88 colonies in image 100Dx40_bad.png
Annotated image saved to /scratch/Users/lupa9404/swe4s/cell_segmentation/results_cyto/annotated_100Dx40_bad.png
Saved individual colonies to /scratch/Users/lupa9404/swe4s/cell_segmentation/results_cyto/colonies_100Dx40_bad
Processing image: /scratch/Users/lupa9404/swe4s/data/98Cx40_bad.png
Found 305 colonies in image 98Cx40_bad.png
Annotated image saved to /scratch/Users/lupa9404/swe4s/cell_segmentation/results_cyto/annotated_98Cx40_bad.png
Saved individual colonies to /scratch/Users/lupa9404/swe4s/cell_segmentation/results_cyto/colonies_98Cx40_bad
Processing image: /scratch/Users/lupa9404/swe4s/data/60x40_good.png
Found 136 colonies in image 60x40_good.png
Annotated image saved to /scratch/Users/lupa9404/swe4s/cell_segmentation/results_cyto/annotated_60x40_good.png
Saved individual colonies to /scratch/Users/lupa9404/swe4s/cell_segmentation/results_cyto/colonies_60x40_good
Processing image: /scratch/Users/lupa9404/swe4s/data/32Fx40_bad.png
Found 75 colonies in image 32Fx40_bad.png
Annotated image saved to /scratch/Users/lupa9404/swe4s/cell_segmentation/results_cyto/annotated_32Fx40_bad.png
Saved individual colonies to /scratch/Users/lupa9404/swe4s/cell_segmentation/results_cyto/colonies_32Fx40_bad
Processing image: /scratch/Users/lupa9404/swe4s/data/67Dx40_good.png
Found 261 colonies in image 67Dx40_good.png
Annotated image saved to /scratch/Users/lupa9404/swe4s/cell_segmentation/results_cyto/annotated_67Dx40_good.png
Saved individual colonies to /scratch/Users/lupa9404/swe4s/cell_segmentation/results_cyto/colonies_67Dx40_good
Processing image: /scratch/Users/lupa9404/swe4s/data/95Cx40_good.png
Found 335 colonies in image 95Cx40_good.png
Annotated image saved to /scratch/Users/lupa9404/swe4s/cell_segmentation/results_cyto/annotated_95Cx40_good.png
Saved individual colonies to /scratch/Users/lupa9404/swe4s/cell_segmentation/results_cyto/colonies_95Cx40_good
Processing image: /scratch/Users/lupa9404/swe4s/data/69Hx40_good.png
Found 341 colonies in image 69Hx40_good.png
Annotated image saved to /scratch/Users/lupa9404/swe4s/cell_segmentation/results_cyto/annotated_69Hx40_good.png
Saved individual colonies to /scratch/Users/lupa9404/swe4s/cell_segmentation/results_cyto/colonies_69Hx40_good
Processing image: /scratch/Users/lupa9404/swe4s/data/47Ax40_bad.png
Found 257 colonies in image 47Ax40_bad.png
Annotated image saved to /scratch/Users/lupa9404/swe4s/cell_segmentation/results_cyto/annotated_47Ax40_bad.png
Saved individual colonies to /scratch/Users/lupa9404/swe4s/cell_segmentation/results_cyto/colonies_47Ax40_bad
Processing image: /scratch/Users/lupa9404/swe4s/data/44Hx40_bad.png
Found 287 colonies in image 44Hx40_bad.png
Annotated image saved to /scratch/Users/lupa9404/swe4s/cell_segmentation/results_cyto/annotated_44Hx40_bad.png
Saved individual colonies to /scratch/Users/lupa9404/swe4s/cell_segmentation/results_cyto/colonies_44Hx40_bad
Processing image: /scratch/Users/lupa9404/swe4s/data/86Bx40_bad.png
Found 32 colonies in image 86Bx40_bad.png
Annotated image saved to /scratch/Users/lupa9404/swe4s/cell_segmentation/results_cyto/annotated_86Bx40_bad.png
Saved individual colonies to /scratch/Users/lupa9404/swe4s/cell_segmentation/results_cyto/colonies_86Bx40_bad
Processing image: /scratch/Users/lupa9404/swe4s/data/108Ex40_good.png
Found 370 colonies in image 108Ex40_good.png
Annotated image saved to /scratch/Users/lupa9404/swe4s/cell_segmentation/results_cyto/annotated_108Ex40_good.png
Saved individual colonies to /scratch/Users/lupa9404/swe4s/cell_segmentation/results_cyto/colonies_108Ex40_good
Processing image: /scratch/Users/lupa9404/swe4s/data/99Fx40_good.png
Found 324 colonies in image 99Fx40_good.png
Annotated image saved to /scratch/Users/lupa9404/swe4s/cell_segmentation/results_cyto/annotated_99Fx40_good.png
Saved individual colonies to /scratch/Users/lupa9404/swe4s/cell_segmentation/results_cyto/colonies_99Fx40_good
Processing image: /scratch/Users/lupa9404/swe4s/data/84Vx40_bad.png
Found 133 colonies in image 84Vx40_bad.png
Annotated image saved to /scratch/Users/lupa9404/swe4s/cell_segmentation/results_cyto/annotated_84Vx40_bad.png
Saved individual colonies to /scratch/Users/lupa9404/swe4s/cell_segmentation/results_cyto/colonies_84Vx40_bad
Processing image: /scratch/Users/lupa9404/swe4s/data/85Hx40_bad.png
Found 151 colonies in image 85Hx40_bad.png
Annotated image saved to /scratch/Users/lupa9404/swe4s/cell_segmentation/results_cyto/annotated_85Hx40_bad.png
Saved individual colonies to /scratch/Users/lupa9404/swe4s/cell_segmentation/results_cyto/colonies_85Hx40_bad
Processing image: /scratch/Users/lupa9404/swe4s/data/48Cx40_bad.png
Found 288 colonies in image 48Cx40_bad.png
Annotated image saved to /scratch/Users/lupa9404/swe4s/cell_segmentation/results_cyto/annotated_48Cx40_bad.png
Saved individual colonies to /scratch/Users/lupa9404/swe4s/cell_segmentation/results_cyto/colonies_48Cx40_bad
Processing image: /scratch/Users/lupa9404/swe4s/data/31Ex40_good.png
Found 410 colonies in image 31Ex40_good.png
Annotated image saved to /scratch/Users/lupa9404/swe4s/cell_segmentation/results_cyto/annotated_31Ex40_good.png
Saved individual colonies to /scratch/Users/lupa9404/swe4s/cell_segmentation/results_cyto/colonies_31Ex40_good
Processing image: /scratch/Users/lupa9404/swe4s/data/14Ax40_bad.png
Found 298 colonies in image 14Ax40_bad.png
Annotated image saved to /scratch/Users/lupa9404/swe4s/cell_segmentation/results_cyto/annotated_14Ax40_bad.png
Saved individual colonies to /scratch/Users/lupa9404/swe4s/cell_segmentation/results_cyto/colonies_14Ax40_bad
Processing image: /scratch/Users/lupa9404/swe4s/data/16Bx40_good.png
Found 130 colonies in image 16Bx40_good.png
Annotated image saved to /scratch/Users/lupa9404/swe4s/cell_segmentation/results_cyto/annotated_16Bx40_good.png
Saved individual colonies to /scratch/Users/lupa9404/swe4s/cell_segmentation/results_cyto/colonies_16Bx40_good
Processing image: /scratch/Users/lupa9404/swe4s/data/31Dx40_good.png
Found 323 colonies in image 31Dx40_good.png
Annotated image saved to /scratch/Users/lupa9404/swe4s/cell_segmentation/results_cyto/annotated_31Dx40_good.png
Saved individual colonies to /scratch/Users/lupa9404/swe4s/cell_segmentation/results_cyto/colonies_31Dx40_good
Processing image: /scratch/Users/lupa9404/swe4s/data/4x40a_good.png
Found 142 colonies in image 4x40a_good.png
Annotated image saved to /scratch/Users/lupa9404/swe4s/cell_segmentation/results_cyto/annotated_4x40a_good.png
Saved individual colonies to /scratch/Users/lupa9404/swe4s/cell_segmentation/results_cyto/colonies_4x40a_good
Processing image: /scratch/Users/lupa9404/swe4s/data/25Bx40_good.png
Found 146 colonies in image 25Bx40_good.png
Annotated image saved to /scratch/Users/lupa9404/swe4s/cell_segmentation/results_cyto/annotated_25Bx40_good.png
Saved individual colonies to /scratch/Users/lupa9404/swe4s/cell_segmentation/results_cyto/colonies_25Bx40_good
Processing image: /scratch/Users/lupa9404/swe4s/data/95Hx40_good.png
Found 292 colonies in image 95Hx40_good.png
Annotated image saved to /scratch/Users/lupa9404/swe4s/cell_segmentation/results_cyto/annotated_95Hx40_good.png
Saved individual colonies to /scratch/Users/lupa9404/swe4s/cell_segmentation/results_cyto/colonies_95Hx40_good
Processing image: /scratch/Users/lupa9404/swe4s/data/90Ex40_good.png
Found 312 colonies in image 90Ex40_good.png
Annotated image saved to /scratch/Users/lupa9404/swe4s/cell_segmentation/results_cyto/annotated_90Ex40_good.png
Saved individual colonies to /scratch/Users/lupa9404/swe4s/cell_segmentation/results_cyto/colonies_90Ex40_good
Processing image: /scratch/Users/lupa9404/swe4s/data/99Qx40_good.png
Found 314 colonies in image 99Qx40_good.png
Annotated image saved to /scratch/Users/lupa9404/swe4s/cell_segmentation/results_cyto/annotated_99Qx40_good.png
Saved individual colonies to /scratch/Users/lupa9404/swe4s/cell_segmentation/results_cyto/colonies_99Qx40_good
Processing image: /scratch/Users/lupa9404/swe4s/data/3x40_good.png
Found 72 colonies in image 3x40_good.png
Annotated image saved to /scratch/Users/lupa9404/swe4s/cell_segmentation/results_cyto/annotated_3x40_good.png
Saved individual colonies to /scratch/Users/lupa9404/swe4s/cell_segmentation/results_cyto/colonies_3x40_good
Processing image: /scratch/Users/lupa9404/swe4s/data/94Fx40_good.png
Found 260 colonies in image 94Fx40_good.png
Annotated image saved to /scratch/Users/lupa9404/swe4s/cell_segmentation/results_cyto/annotated_94Fx40_good.png
Saved individual colonies to /scratch/Users/lupa9404/swe4s/cell_segmentation/results_cyto/colonies_94Fx40_good
Processing image: /scratch/Users/lupa9404/swe4s/data/84Qx40_bad.png
Found 161 colonies in image 84Qx40_bad.png
Annotated image saved to /scratch/Users/lupa9404/swe4s/cell_segmentation/results_cyto/annotated_84Qx40_bad.png
Saved individual colonies to /scratch/Users/lupa9404/swe4s/cell_segmentation/results_cyto/colonies_84Qx40_bad
Processing image: /scratch/Users/lupa9404/swe4s/data/102Ex40_good.png
Found 363 colonies in image 102Ex40_good.png
Annotated image saved to /scratch/Users/lupa9404/swe4s/cell_segmentation/results_cyto/annotated_102Ex40_good.png
Saved individual colonies to /scratch/Users/lupa9404/swe4s/cell_segmentation/results_cyto/colonies_102Ex40_good
Processing image: /scratch/Users/lupa9404/swe4s/data/41Bx40_good.png
Found 141 colonies in image 41Bx40_good.png
Annotated image saved to /scratch/Users/lupa9404/swe4s/cell_segmentation/results_cyto/annotated_41Bx40_good.png
Saved individual colonies to /scratch/Users/lupa9404/swe4s/cell_segmentation/results_cyto/colonies_41Bx40_good
Processing image: /scratch/Users/lupa9404/swe4s/data/20Ax40_bad.png
Found 85 colonies in image 20Ax40_bad.png
Annotated image saved to /scratch/Users/lupa9404/swe4s/cell_segmentation/results_cyto/annotated_20Ax40_bad.png
Saved individual colonies to /scratch/Users/lupa9404/swe4s/cell_segmentation/results_cyto/colonies_20Ax40_bad
Processing image: /scratch/Users/lupa9404/swe4s/data/100Ax40_bad.png
Found 45 colonies in image 100Ax40_bad.png
Annotated image saved to /scratch/Users/lupa9404/swe4s/cell_segmentation/results_cyto/annotated_100Ax40_bad.png
Saved individual colonies to /scratch/Users/lupa9404/swe4s/cell_segmentation/results_cyto/colonies_100Ax40_bad
Processing image: /scratch/Users/lupa9404/swe4s/data/95Ex40_good.png
Found 364 colonies in image 95Ex40_good.png
Annotated image saved to /scratch/Users/lupa9404/swe4s/cell_segmentation/results_cyto/annotated_95Ex40_good.png
Saved individual colonies to /scratch/Users/lupa9404/swe4s/cell_segmentation/results_cyto/colonies_95Ex40_good
Processing image: /scratch/Users/lupa9404/swe4s/data/84Sx40_bad.png
Found 163 colonies in image 84Sx40_bad.png
Annotated image saved to /scratch/Users/lupa9404/swe4s/cell_segmentation/results_cyto/annotated_84Sx40_bad.png
Saved individual colonies to /scratch/Users/lupa9404/swe4s/cell_segmentation/results_cyto/colonies_84Sx40_bad
Processing image: /scratch/Users/lupa9404/swe4s/data/94Jx40_good.png
Found 374 colonies in image 94Jx40_good.png
Annotated image saved to /scratch/Users/lupa9404/swe4s/cell_segmentation/results_cyto/annotated_94Jx40_good.png
Saved individual colonies to /scratch/Users/lupa9404/swe4s/cell_segmentation/results_cyto/colonies_94Jx40_good
Processing image: /scratch/Users/lupa9404/swe4s/data/74Ax40_bad.png
Found 158 colonies in image 74Ax40_bad.png
Annotated image saved to /scratch/Users/lupa9404/swe4s/cell_segmentation/results_cyto/annotated_74Ax40_bad.png
Saved individual colonies to /scratch/Users/lupa9404/swe4s/cell_segmentation/results_cyto/colonies_74Ax40_bad
Processing image: /scratch/Users/lupa9404/swe4s/data/86Dx40_bad.png
Found 220 colonies in image 86Dx40_bad.png
Annotated image saved to /scratch/Users/lupa9404/swe4s/cell_segmentation/results_cyto/annotated_86Dx40_bad.png
Saved individual colonies to /scratch/Users/lupa9404/swe4s/cell_segmentation/results_cyto/colonies_86Dx40_bad
Processing image: /scratch/Users/lupa9404/swe4s/data/75Ex40_bad.png
Found 56 colonies in image 75Ex40_bad.png
Annotated image saved to /scratch/Users/lupa9404/swe4s/cell_segmentation/results_cyto/annotated_75Ex40_bad.png
Saved individual colonies to /scratch/Users/lupa9404/swe4s/cell_segmentation/results_cyto/colonies_75Ex40_bad
Processing image: /scratch/Users/lupa9404/swe4s/data/83Bx40_bad.png
Found 78 colonies in image 83Bx40_bad.png
Annotated image saved to /scratch/Users/lupa9404/swe4s/cell_segmentation/results_cyto/annotated_83Bx40_bad.png
Saved individual colonies to /scratch/Users/lupa9404/swe4s/cell_segmentation/results_cyto/colonies_83Bx40_bad
Processing image: /scratch/Users/lupa9404/swe4s/data/84Cx40_bad.png
Found 156 colonies in image 84Cx40_bad.png
Annotated image saved to /scratch/Users/lupa9404/swe4s/cell_segmentation/results_cyto/annotated_84Cx40_bad.png
Saved individual colonies to /scratch/Users/lupa9404/swe4s/cell_segmentation/results_cyto/colonies_84Cx40_bad
Processing image: /scratch/Users/lupa9404/swe4s/data/84Ux40_bad.png
Found 155 colonies in image 84Ux40_bad.png
Annotated image saved to /scratch/Users/lupa9404/swe4s/cell_segmentation/results_cyto/annotated_84Ux40_bad.png
Saved individual colonies to /scratch/Users/lupa9404/swe4s/cell_segmentation/results_cyto/colonies_84Ux40_bad
Processing image: /scratch/Users/lupa9404/swe4s/data/26Ax40_bad.png
Found 78 colonies in image 26Ax40_bad.png
Annotated image saved to /scratch/Users/lupa9404/swe4s/cell_segmentation/results_cyto/annotated_26Ax40_bad.png
Saved individual colonies to /scratch/Users/lupa9404/swe4s/cell_segmentation/results_cyto/colonies_26Ax40_bad
Processing image: /scratch/Users/lupa9404/swe4s/data/85Ex40_bad.png
Found 194 colonies in image 85Ex40_bad.png
Annotated image saved to /scratch/Users/lupa9404/swe4s/cell_segmentation/results_cyto/annotated_85Ex40_bad.png
Saved individual colonies to /scratch/Users/lupa9404/swe4s/cell_segmentation/results_cyto/colonies_85Ex40_bad
Processing image: /scratch/Users/lupa9404/swe4s/data/96Bx40_good.png
Found 139 colonies in image 96Bx40_good.png
Annotated image saved to /scratch/Users/lupa9404/swe4s/cell_segmentation/results_cyto/annotated_96Bx40_good.png
Saved individual colonies to /scratch/Users/lupa9404/swe4s/cell_segmentation/results_cyto/colonies_96Bx40_good
Processing image: /scratch/Users/lupa9404/swe4s/data/107Ax40_good.png
Found 314 colonies in image 107Ax40_good.png
Annotated image saved to /scratch/Users/lupa9404/swe4s/cell_segmentation/results_cyto/annotated_107Ax40_good.png
Saved individual colonies to /scratch/Users/lupa9404/swe4s/cell_segmentation/results_cyto/colonies_107Ax40_good
Processing image: /scratch/Users/lupa9404/swe4s/data/60Bx40_good.png
Found 56 colonies in image 60Bx40_good.png
Annotated image saved to /scratch/Users/lupa9404/swe4s/cell_segmentation/results_cyto/annotated_60Bx40_good.png
Saved individual colonies to /scratch/Users/lupa9404/swe4s/cell_segmentation/results_cyto/colonies_60Bx40_good
Processing image: /scratch/Users/lupa9404/swe4s/data/85Px40_bad.png
Found 116 colonies in image 85Px40_bad.png
Annotated image saved to /scratch/Users/lupa9404/swe4s/cell_segmentation/results_cyto/annotated_85Px40_bad.png
Saved individual colonies to /scratch/Users/lupa9404/swe4s/cell_segmentation/results_cyto/colonies_85Px40_bad
Processing image: /scratch/Users/lupa9404/swe4s/data/85Kx40_bad.png
Found 165 colonies in image 85Kx40_bad.png
Annotated image saved to /scratch/Users/lupa9404/swe4s/cell_segmentation/results_cyto/annotated_85Kx40_bad.png
Saved individual colonies to /scratch/Users/lupa9404/swe4s/cell_segmentation/results_cyto/colonies_85Kx40_bad
Processing image: /scratch/Users/lupa9404/swe4s/data/77x40_good.png
Found 29 colonies in image 77x40_good.png
Annotated image saved to /scratch/Users/lupa9404/swe4s/cell_segmentation/results_cyto/annotated_77x40_good.png
Saved individual colonies to /scratch/Users/lupa9404/swe4s/cell_segmentation/results_cyto/colonies_77x40_good
Processing image: /scratch/Users/lupa9404/swe4s/data/44Fx40_bad.png
Found 263 colonies in image 44Fx40_bad.png
Annotated image saved to /scratch/Users/lupa9404/swe4s/cell_segmentation/results_cyto/annotated_44Fx40_bad.png
Saved individual colonies to /scratch/Users/lupa9404/swe4s/cell_segmentation/results_cyto/colonies_44Fx40_bad
Processing image: /scratch/Users/lupa9404/swe4s/data/24x40_good.png
Found 67 colonies in image 24x40_good.png
Annotated image saved to /scratch/Users/lupa9404/swe4s/cell_segmentation/results_cyto/annotated_24x40_good.png
Saved individual colonies to /scratch/Users/lupa9404/swe4s/cell_segmentation/results_cyto/colonies_24x40_good
Processing image: /scratch/Users/lupa9404/swe4s/data/65Ex40_good.png
Found 355 colonies in image 65Ex40_good.png
Annotated image saved to /scratch/Users/lupa9404/swe4s/cell_segmentation/results_cyto/annotated_65Ex40_good.png
Saved individual colonies to /scratch/Users/lupa9404/swe4s/cell_segmentation/results_cyto/colonies_65Ex40_good
Processing image: /scratch/Users/lupa9404/swe4s/data/94Kx40_good.png
Found 356 colonies in image 94Kx40_good.png
Annotated image saved to /scratch/Users/lupa9404/swe4s/cell_segmentation/results_cyto/annotated_94Kx40_good.png
Saved individual colonies to /scratch/Users/lupa9404/swe4s/cell_segmentation/results_cyto/colonies_94Kx40_good
Processing image: /scratch/Users/lupa9404/swe4s/data/5x40c_good.png
Found 135 colonies in image 5x40c_good.png
Annotated image saved to /scratch/Users/lupa9404/swe4s/cell_segmentation/results_cyto/annotated_5x40c_good.png
Saved individual colonies to /scratch/Users/lupa9404/swe4s/cell_segmentation/results_cyto/colonies_5x40c_good
Processing image: /scratch/Users/lupa9404/swe4s/data/26Fx40_bad.png
Found 236 colonies in image 26Fx40_bad.png
Annotated image saved to /scratch/Users/lupa9404/swe4s/cell_segmentation/results_cyto/annotated_26Fx40_bad.png
Saved individual colonies to /scratch/Users/lupa9404/swe4s/cell_segmentation/results_cyto/colonies_26Fx40_bad
Processing image: /scratch/Users/lupa9404/swe4s/data/85Dx40_bad.png
Found 184 colonies in image 85Dx40_bad.png
Annotated image saved to /scratch/Users/lupa9404/swe4s/cell_segmentation/results_cyto/annotated_85Dx40_bad.png
Saved individual colonies to /scratch/Users/lupa9404/swe4s/cell_segmentation/results_cyto/colonies_85Dx40_bad
Processing image: /scratch/Users/lupa9404/swe4s/data/76x40_good.png
Found 42 colonies in image 76x40_good.png
Annotated image saved to /scratch/Users/lupa9404/swe4s/cell_segmentation/results_cyto/annotated_76x40_good.png
Saved individual colonies to /scratch/Users/lupa9404/swe4s/cell_segmentation/results_cyto/colonies_76x40_good
Processing image: /scratch/Users/lupa9404/swe4s/data/16Ax40_good.png
Found 95 colonies in image 16Ax40_good.png
Annotated image saved to /scratch/Users/lupa9404/swe4s/cell_segmentation/results_cyto/annotated_16Ax40_good.png
Saved individual colonies to /scratch/Users/lupa9404/swe4s/cell_segmentation/results_cyto/colonies_16Ax40_good
Processing image: /scratch/Users/lupa9404/swe4s/data/95Dx40_good.png
Found 407 colonies in image 95Dx40_good.png
Annotated image saved to /scratch/Users/lupa9404/swe4s/cell_segmentation/results_cyto/annotated_95Dx40_good.png
Saved individual colonies to /scratch/Users/lupa9404/swe4s/cell_segmentation/results_cyto/colonies_95Dx40_good
Processing image: /scratch/Users/lupa9404/swe4s/data/102Ax40_good.png
Found 249 colonies in image 102Ax40_good.png
Annotated image saved to /scratch/Users/lupa9404/swe4s/cell_segmentation/results_cyto/annotated_102Ax40_good.png
Saved individual colonies to /scratch/Users/lupa9404/swe4s/cell_segmentation/results_cyto/colonies_102Ax40_good
Processing image: /scratch/Users/lupa9404/swe4s/data/94Ex40_good.png
Found 452 colonies in image 94Ex40_good.png
Annotated image saved to /scratch/Users/lupa9404/swe4s/cell_segmentation/results_cyto/annotated_94Ex40_good.png
Saved individual colonies to /scratch/Users/lupa9404/swe4s/cell_segmentation/results_cyto/colonies_94Ex40_good
Processing image: /scratch/Users/lupa9404/swe4s/data/83Ax40_bad.png
Found 77 colonies in image 83Ax40_bad.png
Annotated image saved to /scratch/Users/lupa9404/swe4s/cell_segmentation/results_cyto/annotated_83Ax40_bad.png
Saved individual colonies to /scratch/Users/lupa9404/swe4s/cell_segmentation/results_cyto/colonies_83Ax40_bad
Processing image: /scratch/Users/lupa9404/swe4s/data/69Dx40_good.png
Found 388 colonies in image 69Dx40_good.png
Annotated image saved to /scratch/Users/lupa9404/swe4s/cell_segmentation/results_cyto/annotated_69Dx40_good.png
Saved individual colonies to /scratch/Users/lupa9404/swe4s/cell_segmentation/results_cyto/colonies_69Dx40_good
Processing image: /scratch/Users/lupa9404/swe4s/data/47Bx40_bad.png
Found 374 colonies in image 47Bx40_bad.png
Annotated image saved to /scratch/Users/lupa9404/swe4s/cell_segmentation/results_cyto/annotated_47Bx40_bad.png
Saved individual colonies to /scratch/Users/lupa9404/swe4s/cell_segmentation/results_cyto/colonies_47Bx40_bad
Processing image: /scratch/Users/lupa9404/swe4s/data/85Ox40_bad.png
Found 90 colonies in image 85Ox40_bad.png
Annotated image saved to /scratch/Users/lupa9404/swe4s/cell_segmentation/results_cyto/annotated_85Ox40_bad.png
Saved individual colonies to /scratch/Users/lupa9404/swe4s/cell_segmentation/results_cyto/colonies_85Ox40_bad
Processing image: /scratch/Users/lupa9404/swe4s/data/84Lx40_bad.png
Found 198 colonies in image 84Lx40_bad.png
Annotated image saved to /scratch/Users/lupa9404/swe4s/cell_segmentation/results_cyto/annotated_84Lx40_bad.png
Saved individual colonies to /scratch/Users/lupa9404/swe4s/cell_segmentation/results_cyto/colonies_84Lx40_bad
Processing image: /scratch/Users/lupa9404/swe4s/data/3x40b_good.png
Found 57 colonies in image 3x40b_good.png
Annotated image saved to /scratch/Users/lupa9404/swe4s/cell_segmentation/results_cyto/annotated_3x40b_good.png
Saved individual colonies to /scratch/Users/lupa9404/swe4s/cell_segmentation/results_cyto/colonies_3x40b_good
Processing image: /scratch/Users/lupa9404/swe4s/data/66Cx40_good.png
Found 282 colonies in image 66Cx40_good.png
Annotated image saved to /scratch/Users/lupa9404/swe4s/cell_segmentation/results_cyto/annotated_66Cx40_good.png
Saved individual colonies to /scratch/Users/lupa9404/swe4s/cell_segmentation/results_cyto/colonies_66Cx40_good
Processing image: /scratch/Users/lupa9404/swe4s/data/94Ax40_good.png
Found 277 colonies in image 94Ax40_good.png
Annotated image saved to /scratch/Users/lupa9404/swe4s/cell_segmentation/results_cyto/annotated_94Ax40_good.png
Saved individual colonies to /scratch/Users/lupa9404/swe4s/cell_segmentation/results_cyto/colonies_94Ax40_good
Processing image: /scratch/Users/lupa9404/swe4s/data/93Bx40_good.png
Found 299 colonies in image 93Bx40_good.png
Annotated image saved to /scratch/Users/lupa9404/swe4s/cell_segmentation/results_cyto/annotated_93Bx40_good.png
Saved individual colonies to /scratch/Users/lupa9404/swe4s/cell_segmentation/results_cyto/colonies_93Bx40_good
Processing image: /scratch/Users/lupa9404/swe4s/data/108Cx40_good.png
Found 464 colonies in image 108Cx40_good.png
Annotated image saved to /scratch/Users/lupa9404/swe4s/cell_segmentation/results_cyto/annotated_108Cx40_good.png
Saved individual colonies to /scratch/Users/lupa9404/swe4s/cell_segmentation/results_cyto/colonies_108Cx40_good
Processing image: /scratch/Users/lupa9404/swe4s/data/69Ex40_good.png
Found 349 colonies in image 69Ex40_good.png
Annotated image saved to /scratch/Users/lupa9404/swe4s/cell_segmentation/results_cyto/annotated_69Ex40_good.png
Saved individual colonies to /scratch/Users/lupa9404/swe4s/cell_segmentation/results_cyto/colonies_69Ex40_good
Processing image: /scratch/Users/lupa9404/swe4s/data/47Jx40_bad.png
Found 156 colonies in image 47Jx40_bad.png
Annotated image saved to /scratch/Users/lupa9404/swe4s/cell_segmentation/results_cyto/annotated_47Jx40_bad.png
Saved individual colonies to /scratch/Users/lupa9404/swe4s/cell_segmentation/results_cyto/colonies_47Jx40_bad
Processing image: /scratch/Users/lupa9404/swe4s/data/108Dx40_good.png
Found 375 colonies in image 108Dx40_good.png
Annotated image saved to /scratch/Users/lupa9404/swe4s/cell_segmentation/results_cyto/annotated_108Dx40_good.png
Saved individual colonies to /scratch/Users/lupa9404/swe4s/cell_segmentation/results_cyto/colonies_108Dx40_good
Processing image: /scratch/Users/lupa9404/swe4s/data/84Rx40_bad.png
Found 164 colonies in image 84Rx40_bad.png
Annotated image saved to /scratch/Users/lupa9404/swe4s/cell_segmentation/results_cyto/annotated_84Rx40_bad.png
Saved individual colonies to /scratch/Users/lupa9404/swe4s/cell_segmentation/results_cyto/colonies_84Rx40_bad
Processing image: /scratch/Users/lupa9404/swe4s/data/66Fx40_good.png
Found 377 colonies in image 66Fx40_good.png
Annotated image saved to /scratch/Users/lupa9404/swe4s/cell_segmentation/results_cyto/annotated_66Fx40_good.png
Saved individual colonies to /scratch/Users/lupa9404/swe4s/cell_segmentation/results_cyto/colonies_66Fx40_good
Processing image: /scratch/Users/lupa9404/swe4s/data/75Bx40_bad.png
Found 40 colonies in image 75Bx40_bad.png
Annotated image saved to /scratch/Users/lupa9404/swe4s/cell_segmentation/results_cyto/annotated_75Bx40_bad.png
Saved individual colonies to /scratch/Users/lupa9404/swe4s/cell_segmentation/results_cyto/colonies_75Bx40_bad
Processing image: /scratch/Users/lupa9404/swe4s/data/78x40_good.png
Found 19 colonies in image 78x40_good.png
Annotated image saved to /scratch/Users/lupa9404/swe4s/cell_segmentation/results_cyto/annotated_78x40_good.png
Saved individual colonies to /scratch/Users/lupa9404/swe4s/cell_segmentation/results_cyto/colonies_78x40_good
Processing image: /scratch/Users/lupa9404/swe4s/data/50Ax40_good.png
Found 332 colonies in image 50Ax40_good.png
Annotated image saved to /scratch/Users/lupa9404/swe4s/cell_segmentation/results_cyto/annotated_50Ax40_good.png
Saved individual colonies to /scratch/Users/lupa9404/swe4s/cell_segmentation/results_cyto/colonies_50Ax40_good
Processing image: /scratch/Users/lupa9404/swe4s/data/83Dx40_bad.png
Found 39 colonies in image 83Dx40_bad.png
Annotated image saved to /scratch/Users/lupa9404/swe4s/cell_segmentation/results_cyto/annotated_83Dx40_bad.png
Saved individual colonies to /scratch/Users/lupa9404/swe4s/cell_segmentation/results_cyto/colonies_83Dx40_bad
Processing image: /scratch/Users/lupa9404/swe4s/data/88Gx40_bad.png
Found 68 colonies in image 88Gx40_bad.png
Annotated image saved to /scratch/Users/lupa9404/swe4s/cell_segmentation/results_cyto/annotated_88Gx40_bad.png
Saved individual colonies to /scratch/Users/lupa9404/swe4s/cell_segmentation/results_cyto/colonies_88Gx40_bad
Processing image: /scratch/Users/lupa9404/swe4s/data/74Fx40_bad.png
Found 294 colonies in image 74Fx40_bad.png
Annotated image saved to /scratch/Users/lupa9404/swe4s/cell_segmentation/results_cyto/annotated_74Fx40_bad.png
Saved individual colonies to /scratch/Users/lupa9404/swe4s/cell_segmentation/results_cyto/colonies_74Fx40_bad
Processing image: /scratch/Users/lupa9404/swe4s/data/75Cx40_bad.png
Found 42 colonies in image 75Cx40_bad.png
Annotated image saved to /scratch/Users/lupa9404/swe4s/cell_segmentation/results_cyto/annotated_75Cx40_bad.png
Saved individual colonies to /scratch/Users/lupa9404/swe4s/cell_segmentation/results_cyto/colonies_75Cx40_bad
Processing image: /scratch/Users/lupa9404/swe4s/data/84Tx40_bad.png
Found 159 colonies in image 84Tx40_bad.png
Annotated image saved to /scratch/Users/lupa9404/swe4s/cell_segmentation/results_cyto/annotated_84Tx40_bad.png
Saved individual colonies to /scratch/Users/lupa9404/swe4s/cell_segmentation/results_cyto/colonies_84Tx40_bad
Processing image: /scratch/Users/lupa9404/swe4s/data/66Ax40_good.png
Found 230 colonies in image 66Ax40_good.png
Annotated image saved to /scratch/Users/lupa9404/swe4s/cell_segmentation/results_cyto/annotated_66Ax40_good.png
Saved individual colonies to /scratch/Users/lupa9404/swe4s/cell_segmentation/results_cyto/colonies_66Ax40_good
Processing image: /scratch/Users/lupa9404/swe4s/data/68Ax40_good.png
Found 101 colonies in image 68Ax40_good.png
Annotated image saved to /scratch/Users/lupa9404/swe4s/cell_segmentation/results_cyto/annotated_68Ax40_good.png
Saved individual colonies to /scratch/Users/lupa9404/swe4s/cell_segmentation/results_cyto/colonies_68Ax40_good
Processing image: /scratch/Users/lupa9404/swe4s/data/82Cx40_bad.png
Found 113 colonies in image 82Cx40_bad.png
Annotated image saved to /scratch/Users/lupa9404/swe4s/cell_segmentation/results_cyto/annotated_82Cx40_bad.png
Saved individual colonies to /scratch/Users/lupa9404/swe4s/cell_segmentation/results_cyto/colonies_82Cx40_bad
Processing image: /scratch/Users/lupa9404/swe4s/data/102Yx40_good.png
Found 182 colonies in image 102Yx40_good.png
Annotated image saved to /scratch/Users/lupa9404/swe4s/cell_segmentation/results_cyto/annotated_102Yx40_good.png
Saved individual colonies to /scratch/Users/lupa9404/swe4s/cell_segmentation/results_cyto/colonies_102Yx40_good
Processing image: /scratch/Users/lupa9404/swe4s/data/41Cx40_good.png
Found 162 colonies in image 41Cx40_good.png
Annotated image saved to /scratch/Users/lupa9404/swe4s/cell_segmentation/results_cyto/annotated_41Cx40_good.png
Saved individual colonies to /scratch/Users/lupa9404/swe4s/cell_segmentation/results_cyto/colonies_41Cx40_good
Processing image: /scratch/Users/lupa9404/swe4s/data/90Cx40_good.png
Found 513 colonies in image 90Cx40_good.png
Annotated image saved to /scratch/Users/lupa9404/swe4s/cell_segmentation/results_cyto/annotated_90Cx40_good.png
Saved individual colonies to /scratch/Users/lupa9404/swe4s/cell_segmentation/results_cyto/colonies_90Cx40_good
Processing image: /scratch/Users/lupa9404/swe4s/data/26Bx40_bad.png
Found 222 colonies in image 26Bx40_bad.png
Annotated image saved to /scratch/Users/lupa9404/swe4s/cell_segmentation/results_cyto/annotated_26Bx40_bad.png
Saved individual colonies to /scratch/Users/lupa9404/swe4s/cell_segmentation/results_cyto/colonies_26Bx40_bad
Processing image: /scratch/Users/lupa9404/swe4s/data/15up2x40_good.png
Found 221 colonies in image 15up2x40_good.png
Annotated image saved to /scratch/Users/lupa9404/swe4s/cell_segmentation/results_cyto/annotated_15up2x40_good.png
Saved individual colonies to /scratch/Users/lupa9404/swe4s/cell_segmentation/results_cyto/colonies_15up2x40_good
Processing image: /scratch/Users/lupa9404/swe4s/data/99Hx40_good.png
Found 298 colonies in image 99Hx40_good.png
Annotated image saved to /scratch/Users/lupa9404/swe4s/cell_segmentation/results_cyto/annotated_99Hx40_good.png
Saved individual colonies to /scratch/Users/lupa9404/swe4s/cell_segmentation/results_cyto/colonies_99Hx40_good
Processing image: /scratch/Users/lupa9404/swe4s/data/98Dx40_bad.png
Found 282 colonies in image 98Dx40_bad.png
Annotated image saved to /scratch/Users/lupa9404/swe4s/cell_segmentation/results_cyto/annotated_98Dx40_bad.png
Saved individual colonies to /scratch/Users/lupa9404/swe4s/cell_segmentation/results_cyto/colonies_98Dx40_bad
Processing image: /scratch/Users/lupa9404/swe4s/data/69Fx40_good.png
Found 444 colonies in image 69Fx40_good.png
Annotated image saved to /scratch/Users/lupa9404/swe4s/cell_segmentation/results_cyto/annotated_69Fx40_good.png
Saved individual colonies to /scratch/Users/lupa9404/swe4s/cell_segmentation/results_cyto/colonies_69Fx40_good
Processing image: /scratch/Users/lupa9404/swe4s/data/32Dx40_bad.png
Found 102 colonies in image 32Dx40_bad.png
Annotated image saved to /scratch/Users/lupa9404/swe4s/cell_segmentation/results_cyto/annotated_32Dx40_bad.png
Saved individual colonies to /scratch/Users/lupa9404/swe4s/cell_segmentation/results_cyto/colonies_32Dx40_bad
Processing image: /scratch/Users/lupa9404/swe4s/data/69Bx40_good.png
Found 287 colonies in image 69Bx40_good.png
Annotated image saved to /scratch/Users/lupa9404/swe4s/cell_segmentation/results_cyto/annotated_69Bx40_good.png
Saved individual colonies to /scratch/Users/lupa9404/swe4s/cell_segmentation/results_cyto/colonies_69Bx40_good
Processing image: /scratch/Users/lupa9404/swe4s/data/93Ax40_good.png
Found 245 colonies in image 93Ax40_good.png
Annotated image saved to /scratch/Users/lupa9404/swe4s/cell_segmentation/results_cyto/annotated_93Ax40_good.png
Saved individual colonies to /scratch/Users/lupa9404/swe4s/cell_segmentation/results_cyto/colonies_93Ax40_good
Processing image: /scratch/Users/lupa9404/swe4s/data/44Ex40_bad.png
Found 198 colonies in image 44Ex40_bad.png
Annotated image saved to /scratch/Users/lupa9404/swe4s/cell_segmentation/results_cyto/annotated_44Ex40_bad.png
Saved individual colonies to /scratch/Users/lupa9404/swe4s/cell_segmentation/results_cyto/colonies_44Ex40_bad
Processing image: /scratch/Users/lupa9404/swe4s/data/20Bx40_bad.png
Found 197 colonies in image 20Bx40_bad.png
Annotated image saved to /scratch/Users/lupa9404/swe4s/cell_segmentation/results_cyto/annotated_20Bx40_bad.png
Saved individual colonies to /scratch/Users/lupa9404/swe4s/cell_segmentation/results_cyto/colonies_20Bx40_bad
Processing image: /scratch/Users/lupa9404/swe4s/data/98Bx40_bad.png
Found 223 colonies in image 98Bx40_bad.png
Annotated image saved to /scratch/Users/lupa9404/swe4s/cell_segmentation/results_cyto/annotated_98Bx40_bad.png
Saved individual colonies to /scratch/Users/lupa9404/swe4s/cell_segmentation/results_cyto/colonies_98Bx40_bad
Processing image: /scratch/Users/lupa9404/swe4s/data/84Bx40_bad.png
Found 162 colonies in image 84Bx40_bad.png
Annotated image saved to /scratch/Users/lupa9404/swe4s/cell_segmentation/results_cyto/annotated_84Bx40_bad.png
Saved individual colonies to /scratch/Users/lupa9404/swe4s/cell_segmentation/results_cyto/colonies_84Bx40_bad
Processing image: /scratch/Users/lupa9404/swe4s/data/66Bx40_good.png
Found 367 colonies in image 66Bx40_good.png
Annotated image saved to /scratch/Users/lupa9404/swe4s/cell_segmentation/results_cyto/annotated_66Bx40_good.png
Saved individual colonies to /scratch/Users/lupa9404/swe4s/cell_segmentation/results_cyto/colonies_66Bx40_good
Processing image: /scratch/Users/lupa9404/swe4s/data/64Ax40_good.png
Found 58 colonies in image 64Ax40_good.png
Annotated image saved to /scratch/Users/lupa9404/swe4s/cell_segmentation/results_cyto/annotated_64Ax40_good.png
Saved individual colonies to /scratch/Users/lupa9404/swe4s/cell_segmentation/results_cyto/colonies_64Ax40_good
Processing image: /scratch/Users/lupa9404/swe4s/data/86Cx40_bad.png
Found 103 colonies in image 86Cx40_bad.png
Annotated image saved to /scratch/Users/lupa9404/swe4s/cell_segmentation/results_cyto/annotated_86Cx40_bad.png
Saved individual colonies to /scratch/Users/lupa9404/swe4s/cell_segmentation/results_cyto/colonies_86Cx40_bad
Processing image: /scratch/Users/lupa9404/swe4s/data/50Fx40_good.png
Found 446 colonies in image 50Fx40_good.png
Annotated image saved to /scratch/Users/lupa9404/swe4s/cell_segmentation/results_cyto/annotated_50Fx40_good.png
Saved individual colonies to /scratch/Users/lupa9404/swe4s/cell_segmentation/results_cyto/colonies_50Fx40_good
Processing image: /scratch/Users/lupa9404/swe4s/data/95Fx40_good.png
Found 323 colonies in image 95Fx40_good.png
Annotated image saved to /scratch/Users/lupa9404/swe4s/cell_segmentation/results_cyto/annotated_95Fx40_good.png
Saved individual colonies to /scratch/Users/lupa9404/swe4s/cell_segmentation/results_cyto/colonies_95Fx40_good
Processing image: /scratch/Users/lupa9404/swe4s/data/83Cx40_bad.png
Found 69 colonies in image 83Cx40_bad.png
Annotated image saved to /scratch/Users/lupa9404/swe4s/cell_segmentation/results_cyto/annotated_83Cx40_bad.png
Saved individual colonies to /scratch/Users/lupa9404/swe4s/cell_segmentation/results_cyto/colonies_83Cx40_bad
Processing image: /scratch/Users/lupa9404/swe4s/data/79x40_good.png
Found 31 colonies in image 79x40_good.png
Annotated image saved to /scratch/Users/lupa9404/swe4s/cell_segmentation/results_cyto/annotated_79x40_good.png
Saved individual colonies to /scratch/Users/lupa9404/swe4s/cell_segmentation/results_cyto/colonies_79x40_good
Processing image: /scratch/Users/lupa9404/swe4s/data/64Cx40_good.png
Found 79 colonies in image 64Cx40_good.png
Annotated image saved to /scratch/Users/lupa9404/swe4s/cell_segmentation/results_cyto/annotated_64Cx40_good.png
Saved individual colonies to /scratch/Users/lupa9404/swe4s/cell_segmentation/results_cyto/colonies_64Cx40_good
Processing image: /scratch/Users/lupa9404/swe4s/data/20Ex40_bad.png
Found 267 colonies in image 20Ex40_bad.png
Annotated image saved to /scratch/Users/lupa9404/swe4s/cell_segmentation/results_cyto/annotated_20Ex40_bad.png
Saved individual colonies to /scratch/Users/lupa9404/swe4s/cell_segmentation/results_cyto/colonies_20Ex40_bad
Processing image: /scratch/Users/lupa9404/swe4s/data/50Ex40_good.png
Found 321 colonies in image 50Ex40_good.png
Annotated image saved to /scratch/Users/lupa9404/swe4s/cell_segmentation/results_cyto/annotated_50Ex40_good.png
Saved individual colonies to /scratch/Users/lupa9404/swe4s/cell_segmentation/results_cyto/colonies_50Ex40_good
Processing image: /scratch/Users/lupa9404/swe4s/data/69Cx40_good.png
Found 207 colonies in image 69Cx40_good.png
Annotated image saved to /scratch/Users/lupa9404/swe4s/cell_segmentation/results_cyto/annotated_69Cx40_good.png
Saved individual colonies to /scratch/Users/lupa9404/swe4s/cell_segmentation/results_cyto/colonies_69Cx40_good
Processing image: /scratch/Users/lupa9404/swe4s/data/88Hx40_bad.png
Found 122 colonies in image 88Hx40_bad.png
Annotated image saved to /scratch/Users/lupa9404/swe4s/cell_segmentation/results_cyto/annotated_88Hx40_bad.png
Saved individual colonies to /scratch/Users/lupa9404/swe4s/cell_segmentation/results_cyto/colonies_88Hx40_bad
Processing image: /scratch/Users/lupa9404/swe4s/data/85Bx40_bad.png
Found 120 colonies in image 85Bx40_bad.png
Annotated image saved to /scratch/Users/lupa9404/swe4s/cell_segmentation/results_cyto/annotated_85Bx40_bad.png
Saved individual colonies to /scratch/Users/lupa9404/swe4s/cell_segmentation/results_cyto/colonies_85Bx40_bad
Processing image: /scratch/Users/lupa9404/swe4s/data/65Ax40_good.png
Found 285 colonies in image 65Ax40_good.png
Annotated image saved to /scratch/Users/lupa9404/swe4s/cell_segmentation/results_cyto/annotated_65Ax40_good.png
Saved individual colonies to /scratch/Users/lupa9404/swe4s/cell_segmentation/results_cyto/colonies_65Ax40_good
Processing image: /scratch/Users/lupa9404/swe4s/data/41Ax40_good.png
Found 139 colonies in image 41Ax40_good.png
Annotated image saved to /scratch/Users/lupa9404/swe4s/cell_segmentation/results_cyto/annotated_41Ax40_good.png
Saved individual colonies to /scratch/Users/lupa9404/swe4s/cell_segmentation/results_cyto/colonies_41Ax40_good
Processing image: /scratch/Users/lupa9404/swe4s/data/69Jx40_good.png
Found 348 colonies in image 69Jx40_good.png
Annotated image saved to /scratch/Users/lupa9404/swe4s/cell_segmentation/results_cyto/annotated_69Jx40_good.png
Saved individual colonies to /scratch/Users/lupa9404/swe4s/cell_segmentation/results_cyto/colonies_69Jx40_good
Processing image: /scratch/Users/lupa9404/swe4s/data/90Fx40_good.png
Found 435 colonies in image 90Fx40_good.png
Annotated image saved to /scratch/Users/lupa9404/swe4s/cell_segmentation/results_cyto/annotated_90Fx40_good.png
Saved individual colonies to /scratch/Users/lupa9404/swe4s/cell_segmentation/results_cyto/colonies_90Fx40_good
Processing image: /scratch/Users/lupa9404/swe4s/data/91Bx40_good.png
Found 119 colonies in image 91Bx40_good.png
Annotated image saved to /scratch/Users/lupa9404/swe4s/cell_segmentation/results_cyto/annotated_91Bx40_good.png
Saved individual colonies to /scratch/Users/lupa9404/swe4s/cell_segmentation/results_cyto/colonies_91Bx40_good
Processing image: /scratch/Users/lupa9404/swe4s/data/47Cx40_bad.png
Found 206 colonies in image 47Cx40_bad.png
Annotated image saved to /scratch/Users/lupa9404/swe4s/cell_segmentation/results_cyto/annotated_47Cx40_bad.png
Saved individual colonies to /scratch/Users/lupa9404/swe4s/cell_segmentation/results_cyto/colonies_47Cx40_bad
Processing image: /scratch/Users/lupa9404/swe4s/data/15up4x40_good.png
Found 244 colonies in image 15up4x40_good.png
Annotated image saved to /scratch/Users/lupa9404/swe4s/cell_segmentation/results_cyto/annotated_15up4x40_good.png
Saved individual colonies to /scratch/Users/lupa9404/swe4s/cell_segmentation/results_cyto/colonies_15up4x40_good
Processing image: /scratch/Users/lupa9404/swe4s/data/15down2x40_good.png
Found 157 colonies in image 15down2x40_good.png
Annotated image saved to /scratch/Users/lupa9404/swe4s/cell_segmentation/results_cyto/annotated_15down2x40_good.png
Saved individual colonies to /scratch/Users/lupa9404/swe4s/cell_segmentation/results_cyto/colonies_15down2x40_good
Processing image: /scratch/Users/lupa9404/swe4s/data/44Ix40_bad.png
Found 339 colonies in image 44Ix40_bad.png
Annotated image saved to /scratch/Users/lupa9404/swe4s/cell_segmentation/results_cyto/annotated_44Ix40_bad.png
Saved individual colonies to /scratch/Users/lupa9404/swe4s/cell_segmentation/results_cyto/colonies_44Ix40_bad
Processing image: /scratch/Users/lupa9404/swe4s/data/86Ex40_bad.png
Found 202 colonies in image 86Ex40_bad.png
Annotated image saved to /scratch/Users/lupa9404/swe4s/cell_segmentation/results_cyto/annotated_86Ex40_bad.png
Saved individual colonies to /scratch/Users/lupa9404/swe4s/cell_segmentation/results_cyto/colonies_86Ex40_bad
Processing image: /scratch/Users/lupa9404/swe4s/data/49x40_good.png
Found 85 colonies in image 49x40_good.png
Annotated image saved to /scratch/Users/lupa9404/swe4s/cell_segmentation/results_cyto/annotated_49x40_good.png
Saved individual colonies to /scratch/Users/lupa9404/swe4s/cell_segmentation/results_cyto/colonies_49x40_good
Processing image: /scratch/Users/lupa9404/swe4s/data/82Ax40_bad.png
Found 30 colonies in image 82Ax40_bad.png
Annotated image saved to /scratch/Users/lupa9404/swe4s/cell_segmentation/results_cyto/annotated_82Ax40_bad.png
Saved individual colonies to /scratch/Users/lupa9404/swe4s/cell_segmentation/results_cyto/colonies_82Ax40_bad
Processing image: /scratch/Users/lupa9404/swe4s/data/68Bx40_good.png
Found 146 colonies in image 68Bx40_good.png
Annotated image saved to /scratch/Users/lupa9404/swe4s/cell_segmentation/results_cyto/annotated_68Bx40_good.png
Saved individual colonies to /scratch/Users/lupa9404/swe4s/cell_segmentation/results_cyto/colonies_68Bx40_good
Processing image: /scratch/Users/lupa9404/swe4s/data/90Dx40_good.png
Found 491 colonies in image 90Dx40_good.png
Annotated image saved to /scratch/Users/lupa9404/swe4s/cell_segmentation/results_cyto/annotated_90Dx40_good.png
Saved individual colonies to /scratch/Users/lupa9404/swe4s/cell_segmentation/results_cyto/colonies_90Dx40_good
Processing image: /scratch/Users/lupa9404/swe4s/data/47Dx40_bad.png
Found 226 colonies in image 47Dx40_bad.png
Annotated image saved to /scratch/Users/lupa9404/swe4s/cell_segmentation/results_cyto/annotated_47Dx40_bad.png
Saved individual colonies to /scratch/Users/lupa9404/swe4s/cell_segmentation/results_cyto/colonies_47Dx40_bad
Processing image: /scratch/Users/lupa9404/swe4s/data/26Hx40_bad.png
Found 306 colonies in image 26Hx40_bad.png
Annotated image saved to /scratch/Users/lupa9404/swe4s/cell_segmentation/results_cyto/annotated_26Hx40_bad.png
Saved individual colonies to /scratch/Users/lupa9404/swe4s/cell_segmentation/results_cyto/colonies_26Hx40_bad
Processing image: /scratch/Users/lupa9404/swe4s/data/82Dx40_bad.png
Found 82 colonies in image 82Dx40_bad.png
Annotated image saved to /scratch/Users/lupa9404/swe4s/cell_segmentation/results_cyto/annotated_82Dx40_bad.png
Saved individual colonies to /scratch/Users/lupa9404/swe4s/cell_segmentation/results_cyto/colonies_82Dx40_bad
Processing image: /scratch/Users/lupa9404/swe4s/data/31Bx40_good.png
Found 400 colonies in image 31Bx40_good.png
Annotated image saved to /scratch/Users/lupa9404/swe4s/cell_segmentation/results_cyto/annotated_31Bx40_good.png
Saved individual colonies to /scratch/Users/lupa9404/swe4s/cell_segmentation/results_cyto/colonies_31Bx40_good
Processing image: /scratch/Users/lupa9404/swe4s/data/99Ax40_good.png
Found 222 colonies in image 99Ax40_good.png
Annotated image saved to /scratch/Users/lupa9404/swe4s/cell_segmentation/results_cyto/annotated_99Ax40_good.png
Saved individual colonies to /scratch/Users/lupa9404/swe4s/cell_segmentation/results_cyto/colonies_99Ax40_good
Processing image: /scratch/Users/lupa9404/swe4s/data/20Dx40_bad.png
Found 267 colonies in image 20Dx40_bad.png
Annotated image saved to /scratch/Users/lupa9404/swe4s/cell_segmentation/results_cyto/annotated_20Dx40_bad.png
Saved individual colonies to /scratch/Users/lupa9404/swe4s/cell_segmentation/results_cyto/colonies_20Dx40_bad
Processing image: /scratch/Users/lupa9404/swe4s/data/84Xx40_bad.png
Found 172 colonies in image 84Xx40_bad.png
Annotated image saved to /scratch/Users/lupa9404/swe4s/cell_segmentation/results_cyto/annotated_84Xx40_bad.png
Saved individual colonies to /scratch/Users/lupa9404/swe4s/cell_segmentation/results_cyto/colonies_84Xx40_bad
Processing image: /scratch/Users/lupa9404/swe4s/data/47Ex40_bad.png
Found 268 colonies in image 47Ex40_bad.png
Annotated image saved to /scratch/Users/lupa9404/swe4s/cell_segmentation/results_cyto/annotated_47Ex40_bad.png
Saved individual colonies to /scratch/Users/lupa9404/swe4s/cell_segmentation/results_cyto/colonies_47Ex40_bad
Processing image: /scratch/Users/lupa9404/swe4s/data/25Cx40_good.png
Found 163 colonies in image 25Cx40_good.png
Annotated image saved to /scratch/Users/lupa9404/swe4s/cell_segmentation/results_cyto/annotated_25Cx40_good.png
Saved individual colonies to /scratch/Users/lupa9404/swe4s/cell_segmentation/results_cyto/colonies_25Cx40_good
Processing image: /scratch/Users/lupa9404/swe4s/data/48Ax40_bad.png
Found 96 colonies in image 48Ax40_bad.png
Annotated image saved to /scratch/Users/lupa9404/swe4s/cell_segmentation/results_cyto/annotated_48Ax40_bad.png
Saved individual colonies to /scratch/Users/lupa9404/swe4s/cell_segmentation/results_cyto/colonies_48Ax40_bad
Processing image: /scratch/Users/lupa9404/swe4s/data/75Fx40_bad.png
Found 44 colonies in image 75Fx40_bad.png
Annotated image saved to /scratch/Users/lupa9404/swe4s/cell_segmentation/results_cyto/annotated_75Fx40_bad.png
Saved individual colonies to /scratch/Users/lupa9404/swe4s/cell_segmentation/results_cyto/colonies_75Fx40_bad
Processing image: /scratch/Users/lupa9404/swe4s/data/107Tx40_good.png
Found 323 colonies in image 107Tx40_good.png
Annotated image saved to /scratch/Users/lupa9404/swe4s/cell_segmentation/results_cyto/annotated_107Tx40_good.png
Saved individual colonies to /scratch/Users/lupa9404/swe4s/cell_segmentation/results_cyto/colonies_107Tx40_good
Processing image: /scratch/Users/lupa9404/swe4s/data/84Nx40_bad.png
Found 229 colonies in image 84Nx40_bad.png
Annotated image saved to /scratch/Users/lupa9404/swe4s/cell_segmentation/results_cyto/annotated_84Nx40_bad.png
Saved individual colonies to /scratch/Users/lupa9404/swe4s/cell_segmentation/results_cyto/colonies_84Nx40_bad
Processing image: /scratch/Users/lupa9404/swe4s/data/85Ix40_bad.png
Found 165 colonies in image 85Ix40_bad.png
Annotated image saved to /scratch/Users/lupa9404/swe4s/cell_segmentation/results_cyto/annotated_85Ix40_bad.png
Saved individual colonies to /scratch/Users/lupa9404/swe4s/cell_segmentation/results_cyto/colonies_85Ix40_bad
Processing image: /scratch/Users/lupa9404/swe4s/data/84Jx40_bad.png
Found 144 colonies in image 84Jx40_bad.png
Annotated image saved to /scratch/Users/lupa9404/swe4s/cell_segmentation/results_cyto/annotated_84Jx40_bad.png
Saved individual colonies to /scratch/Users/lupa9404/swe4s/cell_segmentation/results_cyto/colonies_84Jx40_bad
Processing image: /scratch/Users/lupa9404/swe4s/data/99Cx40_good.png
Found 400 colonies in image 99Cx40_good.png
Annotated image saved to /scratch/Users/lupa9404/swe4s/cell_segmentation/results_cyto/annotated_99Cx40_good.png
Saved individual colonies to /scratch/Users/lupa9404/swe4s/cell_segmentation/results_cyto/colonies_99Cx40_good
Processing image: /scratch/Users/lupa9404/swe4s/data/94Gx40_good.png
Found 417 colonies in image 94Gx40_good.png
Annotated image saved to /scratch/Users/lupa9404/swe4s/cell_segmentation/results_cyto/annotated_94Gx40_good.png
Saved individual colonies to /scratch/Users/lupa9404/swe4s/cell_segmentation/results_cyto/colonies_94Gx40_good
Processing image: /scratch/Users/lupa9404/swe4s/data/84Mx40_bad.png
Found 195 colonies in image 84Mx40_bad.png
Annotated image saved to /scratch/Users/lupa9404/swe4s/cell_segmentation/results_cyto/annotated_84Mx40_bad.png
Saved individual colonies to /scratch/Users/lupa9404/swe4s/cell_segmentation/results_cyto/colonies_84Mx40_bad
Processing image: /scratch/Users/lupa9404/swe4s/data/90Bx40_good.png
Found 372 colonies in image 90Bx40_good.png
Annotated image saved to /scratch/Users/lupa9404/swe4s/cell_segmentation/results_cyto/annotated_90Bx40_good.png
Saved individual colonies to /scratch/Users/lupa9404/swe4s/cell_segmentation/results_cyto/colonies_90Bx40_good
Processing image: /scratch/Users/lupa9404/swe4s/data/5x40b_good.png
Found 143 colonies in image 5x40b_good.png
Annotated image saved to /scratch/Users/lupa9404/swe4s/cell_segmentation/results_cyto/annotated_5x40b_good.png
Saved individual colonies to /scratch/Users/lupa9404/swe4s/cell_segmentation/results_cyto/colonies_5x40b_good
Processing image: /scratch/Users/lupa9404/swe4s/data/32Ax40_bad.png
Found 100 colonies in image 32Ax40_bad.png
Annotated image saved to /scratch/Users/lupa9404/swe4s/cell_segmentation/results_cyto/annotated_32Ax40_bad.png
Saved individual colonies to /scratch/Users/lupa9404/swe4s/cell_segmentation/results_cyto/colonies_32Ax40_bad
Processing image: /scratch/Users/lupa9404/swe4s/data/50Cx40_good.png
Found 291 colonies in image 50Cx40_good.png
Annotated image saved to /scratch/Users/lupa9404/swe4s/cell_segmentation/results_cyto/annotated_50Cx40_good.png
Saved individual colonies to /scratch/Users/lupa9404/swe4s/cell_segmentation/results_cyto/colonies_50Cx40_good
Processing image: /scratch/Users/lupa9404/swe4s/data/95Gx40_good.png
Found 417 colonies in image 95Gx40_good.png
Annotated image saved to /scratch/Users/lupa9404/swe4s/cell_segmentation/results_cyto/annotated_95Gx40_good.png
Saved individual colonies to /scratch/Users/lupa9404/swe4s/cell_segmentation/results_cyto/colonies_95Gx40_good
Processing image: /scratch/Users/lupa9404/swe4s/data/48Ex40_bad.png
Found 211 colonies in image 48Ex40_bad.png
Annotated image saved to /scratch/Users/lupa9404/swe4s/cell_segmentation/results_cyto/annotated_48Ex40_bad.png
Saved individual colonies to /scratch/Users/lupa9404/swe4s/cell_segmentation/results_cyto/colonies_48Ex40_bad
Processing image: /scratch/Users/lupa9404/swe4s/data/50Bx40_good.png
Found 208 colonies in image 50Bx40_good.png
Annotated image saved to /scratch/Users/lupa9404/swe4s/cell_segmentation/results_cyto/annotated_50Bx40_good.png
Saved individual colonies to /scratch/Users/lupa9404/swe4s/cell_segmentation/results_cyto/colonies_50Bx40_good
Processing image: /scratch/Users/lupa9404/swe4s/data/99Nx40_good.png
Found 349 colonies in image 99Nx40_good.png
Annotated image saved to /scratch/Users/lupa9404/swe4s/cell_segmentation/results_cyto/annotated_99Nx40_good.png
Saved individual colonies to /scratch/Users/lupa9404/swe4s/cell_segmentation/results_cyto/colonies_99Nx40_good
Processing image: /scratch/Users/lupa9404/swe4s/data/14Cx40_bad.png
Found 81 colonies in image 14Cx40_bad.png
Annotated image saved to /scratch/Users/lupa9404/swe4s/cell_segmentation/results_cyto/annotated_14Cx40_bad.png
Saved individual colonies to /scratch/Users/lupa9404/swe4s/cell_segmentation/results_cyto/colonies_14Cx40_bad
Processing image: /scratch/Users/lupa9404/swe4s/data/99Ex40_good.png
Found 462 colonies in image 99Ex40_good.png
Annotated image saved to /scratch/Users/lupa9404/swe4s/cell_segmentation/results_cyto/annotated_99Ex40_good.png
Saved individual colonies to /scratch/Users/lupa9404/swe4s/cell_segmentation/results_cyto/colonies_99Ex40_good
Processing image: /scratch/Users/lupa9404/swe4s/data/20Cx40_bad.png
Found 80 colonies in image 20Cx40_bad.png
Annotated image saved to /scratch/Users/lupa9404/swe4s/cell_segmentation/results_cyto/annotated_20Cx40_bad.png
Saved individual colonies to /scratch/Users/lupa9404/swe4s/cell_segmentation/results_cyto/colonies_20Cx40_bad
Processing image: /scratch/Users/lupa9404/swe4s/data/65Dx40_good.png
Found 284 colonies in image 65Dx40_good.png
Annotated image saved to /scratch/Users/lupa9404/swe4s/cell_segmentation/results_cyto/annotated_65Dx40_good.png
Saved individual colonies to /scratch/Users/lupa9404/swe4s/cell_segmentation/results_cyto/colonies_65Dx40_good
Processing image: /scratch/Users/lupa9404/swe4s/data/83Ex40_bad.png
Found 32 colonies in image 83Ex40_bad.png
Annotated image saved to /scratch/Users/lupa9404/swe4s/cell_segmentation/results_cyto/annotated_83Ex40_bad.png
Saved individual colonies to /scratch/Users/lupa9404/swe4s/cell_segmentation/results_cyto/colonies_83Ex40_bad
Processing image: /scratch/Users/lupa9404/swe4s/data/90Gx40_good.png
Found 492 colonies in image 90Gx40_good.png
Annotated image saved to /scratch/Users/lupa9404/swe4s/cell_segmentation/results_cyto/annotated_90Gx40_good.png
Saved individual colonies to /scratch/Users/lupa9404/swe4s/cell_segmentation/results_cyto/colonies_90Gx40_good
Processing image: /scratch/Users/lupa9404/swe4s/data/108Fx40_good.png
Found 430 colonies in image 108Fx40_good.png
Annotated image saved to /scratch/Users/lupa9404/swe4s/cell_segmentation/results_cyto/annotated_108Fx40_good.png
Saved individual colonies to /scratch/Users/lupa9404/swe4s/cell_segmentation/results_cyto/colonies_108Fx40_good
Processing image: /scratch/Users/lupa9404/swe4s/data/84Ax40_bad.png
Found 108 colonies in image 84Ax40_bad.png
Annotated image saved to /scratch/Users/lupa9404/swe4s/cell_segmentation/results_cyto/annotated_84Ax40_bad.png
Saved individual colonies to /scratch/Users/lupa9404/swe4s/cell_segmentation/results_cyto/colonies_84Ax40_bad
Processing image: /scratch/Users/lupa9404/swe4s/data/84Fx40_bad.png
Found 210 colonies in image 84Fx40_bad.png
Annotated image saved to /scratch/Users/lupa9404/swe4s/cell_segmentation/results_cyto/annotated_84Fx40_bad.png
Saved individual colonies to /scratch/Users/lupa9404/swe4s/cell_segmentation/results_cyto/colonies_84Fx40_bad
Processing image: /scratch/Users/lupa9404/swe4s/data/85Fx40_bad.png
Found 154 colonies in image 85Fx40_bad.png
Annotated image saved to /scratch/Users/lupa9404/swe4s/cell_segmentation/results_cyto/annotated_85Fx40_bad.png
Saved individual colonies to /scratch/Users/lupa9404/swe4s/cell_segmentation/results_cyto/colonies_85Fx40_bad
Processing image: /scratch/Users/lupa9404/swe4s/data/108Gx40_good.png
Found 383 colonies in image 108Gx40_good.png
Annotated image saved to /scratch/Users/lupa9404/swe4s/cell_segmentation/results_cyto/annotated_108Gx40_good.png
Saved individual colonies to /scratch/Users/lupa9404/swe4s/cell_segmentation/results_cyto/colonies_108Gx40_good
Processing image: /scratch/Users/lupa9404/swe4s/data/48Fx40_bad.png
Found 351 colonies in image 48Fx40_bad.png
Annotated image saved to /scratch/Users/lupa9404/swe4s/cell_segmentation/results_cyto/annotated_48Fx40_bad.png
Saved individual colonies to /scratch/Users/lupa9404/swe4s/cell_segmentation/results_cyto/colonies_48Fx40_bad
Processing image: /scratch/Users/lupa9404/swe4s/data/31Cx40_good.png
Found 407 colonies in image 31Cx40_good.png
Annotated image saved to /scratch/Users/lupa9404/swe4s/cell_segmentation/results_cyto/annotated_31Cx40_good.png
Saved individual colonies to /scratch/Users/lupa9404/swe4s/cell_segmentation/results_cyto/colonies_31Cx40_good
Processing image: /scratch/Users/lupa9404/swe4s/data/39down5x40_bad.png
Found 199 colonies in image 39down5x40_bad.png
Annotated image saved to /scratch/Users/lupa9404/swe4s/cell_segmentation/results_cyto/annotated_39down5x40_bad.png
Saved individual colonies to /scratch/Users/lupa9404/swe4s/cell_segmentation/results_cyto/colonies_39down5x40_bad
Processing image: /scratch/Users/lupa9404/swe4s/data/84Ex40_bad.png
Found 197 colonies in image 84Ex40_bad.png
Annotated image saved to /scratch/Users/lupa9404/swe4s/cell_segmentation/results_cyto/annotated_84Ex40_bad.png
Saved individual colonies to /scratch/Users/lupa9404/swe4s/cell_segmentation/results_cyto/colonies_84Ex40_bad
Processing image: /scratch/Users/lupa9404/swe4s/data/28Bx40_good.png
Found 200 colonies in image 28Bx40_good.png
Annotated image saved to /scratch/Users/lupa9404/swe4s/cell_segmentation/results_cyto/annotated_28Bx40_good.png
Saved individual colonies to /scratch/Users/lupa9404/swe4s/cell_segmentation/results_cyto/colonies_28Bx40_good
Processing image: /scratch/Users/lupa9404/swe4s/data/98Ax40_bad.png
Found 79 colonies in image 98Ax40_bad.png
Annotated image saved to /scratch/Users/lupa9404/swe4s/cell_segmentation/results_cyto/annotated_98Ax40_bad.png
Saved individual colonies to /scratch/Users/lupa9404/swe4s/cell_segmentation/results_cyto/colonies_98Ax40_bad
Processing image: /scratch/Users/lupa9404/swe4s/data/69Ax40_good.png
Found 205 colonies in image 69Ax40_good.png
Annotated image saved to /scratch/Users/lupa9404/swe4s/cell_segmentation/results_cyto/annotated_69Ax40_good.png
Saved individual colonies to /scratch/Users/lupa9404/swe4s/cell_segmentation/results_cyto/colonies_69Ax40_good
Processing image: /scratch/Users/lupa9404/swe4s/data/44Jx40_bad.png
Found 274 colonies in image 44Jx40_bad.png
Annotated image saved to /scratch/Users/lupa9404/swe4s/cell_segmentation/results_cyto/annotated_44Jx40_bad.png
Saved individual colonies to /scratch/Users/lupa9404/swe4s/cell_segmentation/results_cyto/colonies_44Jx40_bad
Processing image: /scratch/Users/lupa9404/swe4s/data/66Ex40_good.png
Found 522 colonies in image 66Ex40_good.png
Annotated image saved to /scratch/Users/lupa9404/swe4s/cell_segmentation/results_cyto/annotated_66Ex40_good.png
Saved individual colonies to /scratch/Users/lupa9404/swe4s/cell_segmentation/results_cyto/colonies_66Ex40_good
Processing image: /scratch/Users/lupa9404/swe4s/data/39down4x40_bad.png
Found 149 colonies in image 39down4x40_bad.png
Annotated image saved to /scratch/Users/lupa9404/swe4s/cell_segmentation/results_cyto/annotated_39down4x40_bad.png
Saved individual colonies to /scratch/Users/lupa9404/swe4s/cell_segmentation/results_cyto/colonies_39down4x40_bad
Processing image: /scratch/Users/lupa9404/swe4s/data/107Ux40_good.png
Found 271 colonies in image 107Ux40_good.png
Annotated image saved to /scratch/Users/lupa9404/swe4s/cell_segmentation/results_cyto/annotated_107Ux40_good.png
Saved individual colonies to /scratch/Users/lupa9404/swe4s/cell_segmentation/results_cyto/colonies_107Ux40_good
Processing image: /scratch/Users/lupa9404/swe4s/data/67Cx40_good.png
Found 265 colonies in image 67Cx40_good.png
Annotated image saved to /scratch/Users/lupa9404/swe4s/cell_segmentation/results_cyto/annotated_67Cx40_good.png
Saved individual colonies to /scratch/Users/lupa9404/swe4s/cell_segmentation/results_cyto/colonies_67Cx40_good
Processing image: /scratch/Users/lupa9404/swe4s/data/100Cx40_bad.png
Found 88 colonies in image 100Cx40_bad.png
Annotated image saved to /scratch/Users/lupa9404/swe4s/cell_segmentation/results_cyto/annotated_100Cx40_bad.png
Saved individual colonies to /scratch/Users/lupa9404/swe4s/cell_segmentation/results_cyto/colonies_100Cx40_bad
Processing image: /scratch/Users/lupa9404/swe4s/data/65Bx40_good.png
Found 348 colonies in image 65Bx40_good.png
Annotated image saved to /scratch/Users/lupa9404/swe4s/cell_segmentation/results_cyto/annotated_65Bx40_good.png
Saved individual colonies to /scratch/Users/lupa9404/swe4s/cell_segmentation/results_cyto/colonies_65Bx40_good
Processing image: /scratch/Users/lupa9404/swe4s/data/92Ax40_good.png
Found 42 colonies in image 92Ax40_good.png
Annotated image saved to /scratch/Users/lupa9404/swe4s/cell_segmentation/results_cyto/annotated_92Ax40_good.png
Saved individual colonies to /scratch/Users/lupa9404/swe4s/cell_segmentation/results_cyto/colonies_92Ax40_good
Processing image: /scratch/Users/lupa9404/swe4s/data/99Bx40_good.png
Found 285 colonies in image 99Bx40_good.png
Annotated image saved to /scratch/Users/lupa9404/swe4s/cell_segmentation/results_cyto/annotated_99Bx40_good.png
Saved individual colonies to /scratch/Users/lupa9404/swe4s/cell_segmentation/results_cyto/colonies_99Bx40_good
Processing image: /scratch/Users/lupa9404/swe4s/data/4x40b_good.png
Found 147 colonies in image 4x40b_good.png
Annotated image saved to /scratch/Users/lupa9404/swe4s/cell_segmentation/results_cyto/annotated_4x40b_good.png
Saved individual colonies to /scratch/Users/lupa9404/swe4s/cell_segmentation/results_cyto/colonies_4x40b_good
Processing image: /scratch/Users/lupa9404/swe4s/data/17Bx40_good.png
Found 168 colonies in image 17Bx40_good.png
Annotated image saved to /scratch/Users/lupa9404/swe4s/cell_segmentation/results_cyto/annotated_17Bx40_good.png
Saved individual colonies to /scratch/Users/lupa9404/swe4s/cell_segmentation/results_cyto/colonies_17Bx40_good
Processing image: /scratch/Users/lupa9404/swe4s/data/44Dx40_bad.png
Found 166 colonies in image 44Dx40_bad.png
Annotated image saved to /scratch/Users/lupa9404/swe4s/cell_segmentation/results_cyto/annotated_44Dx40_bad.png
Saved individual colonies to /scratch/Users/lupa9404/swe4s/cell_segmentation/results_cyto/colonies_44Dx40_bad
Processing image: /scratch/Users/lupa9404/swe4s/data/74Dx40_bad.png
Found 237 colonies in image 74Dx40_bad.png
Annotated image saved to /scratch/Users/lupa9404/swe4s/cell_segmentation/results_cyto/annotated_74Dx40_bad.png
Saved individual colonies to /scratch/Users/lupa9404/swe4s/cell_segmentation/results_cyto/colonies_74Dx40_bad
Processing image: /scratch/Users/lupa9404/swe4s/data/94Hx40_good.png
Found 480 colonies in image 94Hx40_good.png
Annotated image saved to /scratch/Users/lupa9404/swe4s/cell_segmentation/results_cyto/annotated_94Hx40_good.png
Saved individual colonies to /scratch/Users/lupa9404/swe4s/cell_segmentation/results_cyto/colonies_94Hx40_good
Processing image: /scratch/Users/lupa9404/swe4s/data/66Hx40_good.png
Found 460 colonies in image 66Hx40_good.png
Annotated image saved to /scratch/Users/lupa9404/swe4s/cell_segmentation/results_cyto/annotated_66Hx40_good.png
Saved individual colonies to /scratch/Users/lupa9404/swe4s/cell_segmentation/results_cyto/colonies_66Hx40_good
Processing image: /scratch/Users/lupa9404/swe4s/data/85Cx40_bad.png
Found 223 colonies in image 85Cx40_bad.png
Annotated image saved to /scratch/Users/lupa9404/swe4s/cell_segmentation/results_cyto/annotated_85Cx40_bad.png
Saved individual colonies to /scratch/Users/lupa9404/swe4s/cell_segmentation/results_cyto/colonies_85Cx40_bad
Processing image: /scratch/Users/lupa9404/swe4s/data/90Ax40_good.png
Found 328 colonies in image 90Ax40_good.png
Annotated image saved to /scratch/Users/lupa9404/swe4s/cell_segmentation/results_cyto/annotated_90Ax40_good.png
Saved individual colonies to /scratch/Users/lupa9404/swe4s/cell_segmentation/results_cyto/colonies_90Ax40_good
Processing image: /scratch/Users/lupa9404/swe4s/data/108Ax40_good.png
Found 288 colonies in image 108Ax40_good.png
Annotated image saved to /scratch/Users/lupa9404/swe4s/cell_segmentation/results_cyto/annotated_108Ax40_good.png
Saved individual colonies to /scratch/Users/lupa9404/swe4s/cell_segmentation/results_cyto/colonies_108Ax40_good
Processing image: /scratch/Users/lupa9404/swe4s/data/85Jx40_bad.png
Found 112 colonies in image 85Jx40_bad.png
Annotated image saved to /scratch/Users/lupa9404/swe4s/cell_segmentation/results_cyto/annotated_85Jx40_bad.png
Saved individual colonies to /scratch/Users/lupa9404/swe4s/cell_segmentation/results_cyto/colonies_85Jx40_bad
Processing image: /scratch/Users/lupa9404/swe4s/data/82Ex40_bad.png
Found 105 colonies in image 82Ex40_bad.png
Annotated image saved to /scratch/Users/lupa9404/swe4s/cell_segmentation/results_cyto/annotated_82Ex40_bad.png
Saved individual colonies to /scratch/Users/lupa9404/swe4s/cell_segmentation/results_cyto/colonies_82Ex40_bad
Processing image: /scratch/Users/lupa9404/swe4s/data/26Jx40_bad.png
Found 355 colonies in image 26Jx40_bad.png
Annotated image saved to /scratch/Users/lupa9404/swe4s/cell_segmentation/results_cyto/annotated_26Jx40_bad.png
Saved individual colonies to /scratch/Users/lupa9404/swe4s/cell_segmentation/results_cyto/colonies_26Jx40_bad
Processing image: /scratch/Users/lupa9404/swe4s/data/98Ex40_bad.png
Found 305 colonies in image 98Ex40_bad.png
Annotated image saved to /scratch/Users/lupa9404/swe4s/cell_segmentation/results_cyto/annotated_98Ex40_bad.png
Saved individual colonies to /scratch/Users/lupa9404/swe4s/cell_segmentation/results_cyto/colonies_98Ex40_bad
Processing image: /scratch/Users/lupa9404/swe4s/data/17Ax40_good.png
Found 161 colonies in image 17Ax40_good.png
Annotated image saved to /scratch/Users/lupa9404/swe4s/cell_segmentation/results_cyto/annotated_17Ax40_good.png
Saved individual colonies to /scratch/Users/lupa9404/swe4s/cell_segmentation/results_cyto/colonies_17Ax40_good
Processing image: /scratch/Users/lupa9404/swe4s/data/84Dx40_bad.png
Found 193 colonies in image 84Dx40_bad.png
Annotated image saved to /scratch/Users/lupa9404/swe4s/cell_segmentation/results_cyto/annotated_84Dx40_bad.png
Saved individual colonies to /scratch/Users/lupa9404/swe4s/cell_segmentation/results_cyto/colonies_84Dx40_bad
Processing image: /scratch/Users/lupa9404/swe4s/data/84Ox40_bad.png
Found 209 colonies in image 84Ox40_bad.png
Annotated image saved to /scratch/Users/lupa9404/swe4s/cell_segmentation/results_cyto/annotated_84Ox40_bad.png
Saved individual colonies to /scratch/Users/lupa9404/swe4s/cell_segmentation/results_cyto/colonies_84Ox40_bad
Processing image: /scratch/Users/lupa9404/swe4s/data/39down1x40_bad.png
Found 287 colonies in image 39down1x40_bad.png
Annotated image saved to /scratch/Users/lupa9404/swe4s/cell_segmentation/results_cyto/annotated_39down1x40_bad.png
Saved individual colonies to /scratch/Users/lupa9404/swe4s/cell_segmentation/results_cyto/colonies_39down1x40_bad
Processing image: /scratch/Users/lupa9404/swe4s/data/94Dx40_good.png
Found 273 colonies in image 94Dx40_good.png
Annotated image saved to /scratch/Users/lupa9404/swe4s/cell_segmentation/results_cyto/annotated_94Dx40_good.png
Saved individual colonies to /scratch/Users/lupa9404/swe4s/cell_segmentation/results_cyto/colonies_94Dx40_good
Processing image: /scratch/Users/lupa9404/swe4s/data/84Ix40_bad.png
Found 146 colonies in image 84Ix40_bad.png
Annotated image saved to /scratch/Users/lupa9404/swe4s/cell_segmentation/results_cyto/annotated_84Ix40_bad.png
Saved individual colonies to /scratch/Users/lupa9404/swe4s/cell_segmentation/results_cyto/colonies_84Ix40_bad
Processing image: /scratch/Users/lupa9404/swe4s/data/98Hx40_bad.png
Found 247 colonies in image 98Hx40_bad.png
Annotated image saved to /scratch/Users/lupa9404/swe4s/cell_segmentation/results_cyto/annotated_98Hx40_bad.png
Saved individual colonies to /scratch/Users/lupa9404/swe4s/cell_segmentation/results_cyto/colonies_98Hx40_bad
Processing image: /scratch/Users/lupa9404/swe4s/data/96Ax40_good.png
Found 168 colonies in image 96Ax40_good.png
Annotated image saved to /scratch/Users/lupa9404/swe4s/cell_segmentation/results_cyto/annotated_96Ax40_good.png
Saved individual colonies to /scratch/Users/lupa9404/swe4s/cell_segmentation/results_cyto/colonies_96Ax40_good
Processing image: /scratch/Users/lupa9404/swe4s/data/84Kx40_bad.png
Found 189 colonies in image 84Kx40_bad.png
Annotated image saved to /scratch/Users/lupa9404/swe4s/cell_segmentation/results_cyto/annotated_84Kx40_bad.png
Saved individual colonies to /scratch/Users/lupa9404/swe4s/cell_segmentation/results_cyto/colonies_84Kx40_bad
Processing image: /scratch/Users/lupa9404/swe4s/data/39down3x40_bad.png
Found 168 colonies in image 39down3x40_bad.png
Annotated image saved to /scratch/Users/lupa9404/swe4s/cell_segmentation/results_cyto/annotated_39down3x40_bad.png
Saved individual colonies to /scratch/Users/lupa9404/swe4s/cell_segmentation/results_cyto/colonies_39down3x40_bad
Processing image: /scratch/Users/lupa9404/swe4s/data/69Kx40_good.png
Found 340 colonies in image 69Kx40_good.png
Annotated image saved to /scratch/Users/lupa9404/swe4s/cell_segmentation/results_cyto/annotated_69Kx40_good.png
Saved individual colonies to /scratch/Users/lupa9404/swe4s/cell_segmentation/results_cyto/colonies_69Kx40_good
Processing image: /scratch/Users/lupa9404/swe4s/data/68Cx40_good.png
Found 120 colonies in image 68Cx40_good.png
Annotated image saved to /scratch/Users/lupa9404/swe4s/cell_segmentation/results_cyto/annotated_68Cx40_good.png
Saved individual colonies to /scratch/Users/lupa9404/swe4s/cell_segmentation/results_cyto/colonies_68Cx40_good
Processing image: /scratch/Users/lupa9404/swe4s/data/26Cx40_bad.png
Found 274 colonies in image 26Cx40_bad.png
Annotated image saved to /scratch/Users/lupa9404/swe4s/cell_segmentation/results_cyto/annotated_26Cx40_bad.png
Saved individual colonies to /scratch/Users/lupa9404/swe4s/cell_segmentation/results_cyto/colonies_26Cx40_bad
Processing image: /scratch/Users/lupa9404/swe4s/data/39up1x40_bad.png
Found 91 colonies in image 39up1x40_bad.png
Annotated image saved to /scratch/Users/lupa9404/swe4s/cell_segmentation/results_cyto/annotated_39up1x40_bad.png
Saved individual colonies to /scratch/Users/lupa9404/swe4s/cell_segmentation/results_cyto/colonies_39up1x40_bad
Processing image: /scratch/Users/lupa9404/swe4s/data/85Lx40_bad.png
Found 150 colonies in image 85Lx40_bad.png
Annotated image saved to /scratch/Users/lupa9404/swe4s/cell_segmentation/results_cyto/annotated_85Lx40_bad.png
Saved individual colonies to /scratch/Users/lupa9404/swe4s/cell_segmentation/results_cyto/colonies_85Lx40_bad
Processing image: /scratch/Users/lupa9404/swe4s/data/15downx40_good.png
Found 112 colonies in image 15downx40_good.png
Annotated image saved to /scratch/Users/lupa9404/swe4s/cell_segmentation/results_cyto/annotated_15downx40_good.png
Saved individual colonies to /scratch/Users/lupa9404/swe4s/cell_segmentation/results_cyto/colonies_15downx40_good
Processing image: /scratch/Users/lupa9404/swe4s/data/74Ex40_bad.png
Found 248 colonies in image 74Ex40_bad.png
Annotated image saved to /scratch/Users/lupa9404/swe4s/cell_segmentation/results_cyto/annotated_74Ex40_bad.png
Saved individual colonies to /scratch/Users/lupa9404/swe4s/cell_segmentation/results_cyto/colonies_74Ex40_bad
Processing image: /scratch/Users/lupa9404/swe4s/data/67Bx40_good.png
Found 230 colonies in image 67Bx40_good.png
Annotated image saved to /scratch/Users/lupa9404/swe4s/cell_segmentation/results_cyto/annotated_67Bx40_good.png
Saved individual colonies to /scratch/Users/lupa9404/swe4s/cell_segmentation/results_cyto/colonies_67Bx40_good
Processing image: /scratch/Users/lupa9404/swe4s/data/85Mx40_bad.png
Found 132 colonies in image 85Mx40_bad.png
Annotated image saved to /scratch/Users/lupa9404/swe4s/cell_segmentation/results_cyto/annotated_85Mx40_bad.png
Saved individual colonies to /scratch/Users/lupa9404/swe4s/cell_segmentation/results_cyto/colonies_85Mx40_bad
Processing image: /scratch/Users/lupa9404/swe4s/data/85Ax40_bad.png
Found 114 colonies in image 85Ax40_bad.png
Annotated image saved to /scratch/Users/lupa9404/swe4s/cell_segmentation/results_cyto/annotated_85Ax40_bad.png
Saved individual colonies to /scratch/Users/lupa9404/swe4s/cell_segmentation/results_cyto/colonies_85Ax40_bad
Processing image: /scratch/Users/lupa9404/swe4s/data/100Bx40_bad.png
Found 119 colonies in image 100Bx40_bad.png
Annotated image saved to /scratch/Users/lupa9404/swe4s/cell_segmentation/results_cyto/annotated_100Bx40_bad.png
Saved individual colonies to /scratch/Users/lupa9404/swe4s/cell_segmentation/results_cyto/colonies_100Bx40_bad
Processing image: /scratch/Users/lupa9404/swe4s/data/86Fx40_bad.png
Found 140 colonies in image 86Fx40_bad.png
Annotated image saved to /scratch/Users/lupa9404/swe4s/cell_segmentation/results_cyto/annotated_86Fx40_bad.png
Saved individual colonies to /scratch/Users/lupa9404/swe4s/cell_segmentation/results_cyto/colonies_86Fx40_bad
Processing image: /scratch/Users/lupa9404/swe4s/data/85Qx40_bad.png
Found 97 colonies in image 85Qx40_bad.png
Annotated image saved to /scratch/Users/lupa9404/swe4s/cell_segmentation/results_cyto/annotated_85Qx40_bad.png
Saved individual colonies to /scratch/Users/lupa9404/swe4s/cell_segmentation/results_cyto/colonies_85Qx40_bad
Processing image: /scratch/Users/lupa9404/swe4s/data/94Cx40_good.png
Found 472 colonies in image 94Cx40_good.png
Annotated image saved to /scratch/Users/lupa9404/swe4s/cell_segmentation/results_cyto/annotated_94Cx40_good.png
Saved individual colonies to /scratch/Users/lupa9404/swe4s/cell_segmentation/results_cyto/colonies_94Cx40_good
Processing image: /scratch/Users/lupa9404/swe4s/data/28Ax40_good.png
Found 210 colonies in image 28Ax40_good.png
Annotated image saved to /scratch/Users/lupa9404/swe4s/cell_segmentation/results_cyto/annotated_28Ax40_good.png
Saved individual colonies to /scratch/Users/lupa9404/swe4s/cell_segmentation/results_cyto/colonies_28Ax40_good
Processing image: /scratch/Users/lupa9404/swe4s/data/95Ax40_good.png
Found 372 colonies in image 95Ax40_good.png
Annotated image saved to /scratch/Users/lupa9404/swe4s/cell_segmentation/results_cyto/annotated_95Ax40_good.png
Saved individual colonies to /scratch/Users/lupa9404/swe4s/cell_segmentation/results_cyto/colonies_95Ax40_good
Processing image: /scratch/Users/lupa9404/swe4s/data/96Cx40_good.png
Found 219 colonies in image 96Cx40_good.png
Annotated image saved to /scratch/Users/lupa9404/swe4s/cell_segmentation/results_cyto/annotated_96Cx40_good.png
Saved individual colonies to /scratch/Users/lupa9404/swe4s/cell_segmentation/results_cyto/colonies_96Cx40_good
Processing image: /scratch/Users/lupa9404/swe4s/data/74Bx40_bad.png
Found 199 colonies in image 74Bx40_bad.png
Annotated image saved to /scratch/Users/lupa9404/swe4s/cell_segmentation/results_cyto/annotated_74Bx40_bad.png
Saved individual colonies to /scratch/Users/lupa9404/swe4s/cell_segmentation/results_cyto/colonies_74Bx40_bad
Processing image: /scratch/Users/lupa9404/swe4s/data/99Ix40_good.png
Found 298 colonies in image 99Ix40_good.png
Annotated image saved to /scratch/Users/lupa9404/swe4s/cell_segmentation/results_cyto/annotated_99Ix40_good.png
Saved individual colonies to /scratch/Users/lupa9404/swe4s/cell_segmentation/results_cyto/colonies_99Ix40_good
Processing image: /scratch/Users/lupa9404/swe4s/data/66Jx40_good.png
Found 343 colonies in image 66Jx40_good.png
Annotated image saved to /scratch/Users/lupa9404/swe4s/cell_segmentation/results_cyto/annotated_66Jx40_good.png
Saved individual colonies to /scratch/Users/lupa9404/swe4s/cell_segmentation/results_cyto/colonies_66Jx40_good
Processing image: /scratch/Users/lupa9404/swe4s/data/84Hx40_bad.png
Found 191 colonies in image 84Hx40_bad.png
Annotated image saved to /scratch/Users/lupa9404/swe4s/cell_segmentation/results_cyto/annotated_84Hx40_bad.png
Saved individual colonies to /scratch/Users/lupa9404/swe4s/cell_segmentation/results_cyto/colonies_84Hx40_bad
Processing image: /scratch/Users/lupa9404/swe4s/data/80x40_bad.png
Found 17 colonies in image 80x40_bad.png
Annotated image saved to /scratch/Users/lupa9404/swe4s/cell_segmentation/results_cyto/annotated_80x40_bad.png
Saved individual colonies to /scratch/Users/lupa9404/swe4s/cell_segmentation/results_cyto/colonies_80x40_bad
Processing image: /scratch/Users/lupa9404/swe4s/data/25Ax40_good.png
Found 207 colonies in image 25Ax40_good.png
Annotated image saved to /scratch/Users/lupa9404/swe4s/cell_segmentation/results_cyto/annotated_25Ax40_good.png
Saved individual colonies to /scratch/Users/lupa9404/swe4s/cell_segmentation/results_cyto/colonies_25Ax40_good
Processing image: /scratch/Users/lupa9404/swe4s/data/48Bx40_bad.png
Found 203 colonies in image 48Bx40_bad.png
Annotated image saved to /scratch/Users/lupa9404/swe4s/cell_segmentation/results_cyto/annotated_48Bx40_bad.png
Saved individual colonies to /scratch/Users/lupa9404/swe4s/cell_segmentation/results_cyto/colonies_48Bx40_bad
Processing image: /scratch/Users/lupa9404/swe4s/data/94Ix40_good.png
Found 475 colonies in image 94Ix40_good.png
Annotated image saved to /scratch/Users/lupa9404/swe4s/cell_segmentation/results_cyto/annotated_94Ix40_good.png
Saved individual colonies to /scratch/Users/lupa9404/swe4s/cell_segmentation/results_cyto/colonies_94Ix40_good
Processing image: /scratch/Users/lupa9404/swe4s/data/108Bx40_good.png
Found 288 colonies in image 108Bx40_good.png
Annotated image saved to /scratch/Users/lupa9404/swe4s/cell_segmentation/results_cyto/annotated_108Bx40_good.png
Saved individual colonies to /scratch/Users/lupa9404/swe4s/cell_segmentation/results_cyto/colonies_108Bx40_good
Processing image: /scratch/Users/lupa9404/swe4s/data/92Bx40_good.png
Found 45 colonies in image 92Bx40_good.png
Annotated image saved to /scratch/Users/lupa9404/swe4s/cell_segmentation/results_cyto/annotated_92Bx40_good.png
Saved individual colonies to /scratch/Users/lupa9404/swe4s/cell_segmentation/results_cyto/colonies_92Bx40_good
Processing image: /scratch/Users/lupa9404/swe4s/data/39down2x40_bad.png
Found 140 colonies in image 39down2x40_bad.png
Annotated image saved to /scratch/Users/lupa9404/swe4s/cell_segmentation/results_cyto/annotated_39down2x40_bad.png
Saved individual colonies to /scratch/Users/lupa9404/swe4s/cell_segmentation/results_cyto/colonies_39down2x40_bad
Processing image: /scratch/Users/lupa9404/swe4s/data/64Bx40_good.png
Found 94 colonies in image 64Bx40_good.png
Annotated image saved to /scratch/Users/lupa9404/swe4s/cell_segmentation/results_cyto/annotated_64Bx40_good.png
Saved individual colonies to /scratch/Users/lupa9404/swe4s/cell_segmentation/results_cyto/colonies_64Bx40_good
Processing image: /scratch/Users/lupa9404/swe4s/data/98Fx40_bad.png
Found 292 colonies in image 98Fx40_bad.png
Annotated image saved to /scratch/Users/lupa9404/swe4s/cell_segmentation/results_cyto/annotated_98Fx40_bad.png
Saved individual colonies to /scratch/Users/lupa9404/swe4s/cell_segmentation/results_cyto/colonies_98Fx40_bad
Processing image: /scratch/Users/lupa9404/swe4s/data/81x40_good.png
Found 25 colonies in image 81x40_good.png
Annotated image saved to /scratch/Users/lupa9404/swe4s/cell_segmentation/results_cyto/annotated_81x40_good.png
Saved individual colonies to /scratch/Users/lupa9404/swe4s/cell_segmentation/results_cyto/colonies_81x40_good
