/scratch/Users/lupa9404/swe4s_project
fijigpu-04
Sun Dec  1 23:37:45 MST 2024
 23:37:45 up 10 days,  8:37,  1 user,  load average: 0.02, 0.04, 0.05
uid=1099861(lupa9404) gid=775(iqbio2024) groups=775(iqbio2024),753(brumbaughLab)
Filesystem                                         Size  Used Avail Use% Mounted on
devtmpfs                                           252G     0  252G   0% /dev
tmpfs                                              252G     0  252G   0% /dev/shm
tmpfs                                              252G   28M  252G   1% /run
tmpfs                                              252G     0  252G   0% /sys/fs/cgroup
/dev/md125                                          89G   17G   68G  20% /
/dev/md126                                         1.5G  118M  1.3G   9% /boot
/dev/md123                                          99G   11G   84G  11% /localscratch
/dev/md122                                          86G   87M   82G   1% /tmp
/dev/md124                                         134G   75G   53G  59% /opt
/dev/md121                                         201M   12M  190M   6% /boot/efi
/dev/md10                                          3.5T   89M  3.3T   1% /cache
beegfs_nodev                                       1.4P  849T  524T  62% /scratch
10.224.33.99:/mnt/z2pool-1/compute-users/siwa3657 1007G   66G  941G   7% /Users/siwa3657
tmpfs                                               51G     0   51G   0% /run/user/879315
10.224.33.99:/mnt/z2pool-1/compute-users/lupa9404  1.0T  3.4G 1021G   1% /Users/lupa9404
/scratch/Users/lupa9404/python_env/swe4s_py39/bin/python
PyTorch Version: 2.5.1+cu118
CUDA available: True
Using device: cuda
GPU Device Name: NVIDIA A100 80GB PCIe
Total images loaded: 269
Training samples: 215
Validation samples: 54
Saving examples from the training set...
Images saved to /scratch/Users/lupa9404/swe4s_project/results
Training the model...
Epoch 1/40
----------
train Loss: 0.6456 Acc: 0.6698 Precision: 0.6067
val Loss: 0.6451 Acc: 0.5556 Precision: 1.0000
Epoch 2/40
----------
train Loss: 0.5244 Acc: 0.7535 Precision: 0.7660
val Loss: 0.5550 Acc: 0.6667 Precision: 1.0000
Epoch 3/40
----------
train Loss: 0.4510 Acc: 0.7814 Precision: 0.8111
val Loss: 0.5606 Acc: 0.7037 Precision: 1.0000
Epoch 4/40
----------
train Loss: 0.3386 Acc: 0.8372 Precision: 0.8953
val Loss: 0.5343 Acc: 0.7222 Precision: 0.9375
Epoch 5/40
----------
train Loss: 0.3872 Acc: 0.8279 Precision: 0.8587
val Loss: 0.3879 Acc: 0.8148 Precision: 0.9524
Epoch 6/40
----------
train Loss: 0.3880 Acc: 0.8093 Precision: 0.7981
val Loss: 0.2797 Acc: 0.8704 Precision: 0.9231
Epoch 7/40
----------
train Loss: 0.3369 Acc: 0.8605 Precision: 0.8544
val Loss: 0.3492 Acc: 0.7593 Precision: 0.7353
Epoch 8/40
----------
train Loss: 0.2588 Acc: 0.9116 Precision: 0.9565
val Loss: 0.3145 Acc: 0.7778 Precision: 0.7576
Epoch 9/40
----------
train Loss: 0.2915 Acc: 0.8930 Precision: 0.9444
val Loss: 0.2702 Acc: 0.8519 Precision: 0.8621
Epoch 10/40
----------
train Loss: 0.2252 Acc: 0.9116 Precision: 0.9286
val Loss: 0.4174 Acc: 0.8148 Precision: 1.0000
Epoch 11/40
----------
train Loss: 0.2392 Acc: 0.9163 Precision: 0.9381
val Loss: 0.4128 Acc: 0.8148 Precision: 1.0000
Epoch 12/40
----------
train Loss: 0.2128 Acc: 0.9070 Precision: 0.8952
val Loss: 0.2294 Acc: 0.9074 Precision: 0.9286
Epoch 13/40
----------
train Loss: 0.2239 Acc: 0.9256 Precision: 0.9307
val Loss: 0.2200 Acc: 0.8889 Precision: 0.9259
Epoch 14/40
----------
train Loss: 0.2277 Acc: 0.9349 Precision: 0.9406
val Loss: 0.2292 Acc: 0.9259 Precision: 1.0000
Epoch 15/40
----------
train Loss: 0.2774 Acc: 0.8930 Precision: 0.9348
val Loss: 0.2680 Acc: 0.8889 Precision: 1.0000
Epoch 16/40
----------
train Loss: 0.2080 Acc: 0.9116 Precision: 0.9468
val Loss: 0.5108 Acc: 0.7778 Precision: 1.0000
Epoch 17/40
----------
train Loss: 0.2173 Acc: 0.9023 Precision: 0.8796
val Loss: 0.4068 Acc: 0.8333 Precision: 0.9545
Epoch 18/40
----------
train Loss: 0.1939 Acc: 0.9163 Precision: 0.8972
val Loss: 0.2843 Acc: 0.8889 Precision: 0.9600
Epoch 19/40
----------
train Loss: 0.2185 Acc: 0.9070 Precision: 0.8952
val Loss: 0.2360 Acc: 0.8704 Precision: 0.9231
Epoch 20/40
----------
train Loss: 0.1473 Acc: 0.9349 Precision: 0.9785
val Loss: 0.2690 Acc: 0.9259 Precision: 0.9032
Epoch 21/40
----------
train Loss: 0.2515 Acc: 0.9116 Precision: 0.9565
val Loss: 0.3009 Acc: 0.8889 Precision: 0.8485
Epoch 22/40
----------
train Loss: 0.1765 Acc: 0.9302 Precision: 0.9889
val Loss: 0.1822 Acc: 0.9444 Precision: 0.9643
Epoch 23/40
----------
train Loss: 0.1881 Acc: 0.9070 Precision: 0.9109
val Loss: 0.3914 Acc: 0.8704 Precision: 1.0000
Epoch 24/40
----------
train Loss: 0.1686 Acc: 0.9395 Precision: 0.9688
val Loss: 0.5745 Acc: 0.8148 Precision: 0.9524
Epoch 25/40
----------
train Loss: 0.1883 Acc: 0.9349 Precision: 0.9238
val Loss: 0.2662 Acc: 0.9259 Precision: 0.9630
Epoch 26/40
----------
train Loss: 0.2511 Acc: 0.9023 Precision: 0.8596
val Loss: 0.2331 Acc: 0.9259 Precision: 0.9310
Epoch 27/40
----------
train Loss: 0.1631 Acc: 0.9302 Precision: 0.9400
val Loss: 0.3160 Acc: 0.9259 Precision: 0.9630
Epoch 28/40
----------
train Loss: 0.1440 Acc: 0.9302 Precision: 0.9681
val Loss: 0.3548 Acc: 0.8704 Precision: 0.9583
Epoch 29/40
----------
train Loss: 0.1599 Acc: 0.9395 Precision: 0.9891
val Loss: 0.2506 Acc: 0.8889 Precision: 0.9600
Epoch 30/40
----------
train Loss: 0.1703 Acc: 0.9256 Precision: 0.8919
val Loss: 0.2018 Acc: 0.9259 Precision: 0.9630
Epoch 31/40
----------
train Loss: 0.1693 Acc: 0.9209 Precision: 0.9057
val Loss: 0.2040 Acc: 0.9074 Precision: 0.9615
Epoch 32/40
----------
train Loss: 0.1523 Acc: 0.9535 Precision: 0.9604
val Loss: 0.2627 Acc: 0.8519 Precision: 0.8889
Epoch 33/40
----------
train Loss: 0.1967 Acc: 0.9209 Precision: 0.9057
val Loss: 0.2443 Acc: 0.9074 Precision: 0.9286
Epoch 34/40
----------
train Loss: 0.1489 Acc: 0.9442 Precision: 0.9596
val Loss: 0.1962 Acc: 0.9259 Precision: 0.9630
Epoch 35/40
----------
train Loss: 0.1969 Acc: 0.9163 Precision: 0.8972
val Loss: 0.1847 Acc: 0.9259 Precision: 0.9310
Epoch 36/40
----------
train Loss: 0.1685 Acc: 0.9256 Precision: 0.9579
val Loss: 0.1969 Acc: 0.9259 Precision: 0.9310
Epoch 37/40
----------
train Loss: 0.1474 Acc: 0.9535 Precision: 0.9604
val Loss: 0.2711 Acc: 0.9259 Precision: 0.9310
Epoch 38/40
----------
train Loss: 0.1460 Acc: 0.9349 Precision: 0.9238
val Loss: 0.5468 Acc: 0.9074 Precision: 0.9000
Epoch 39/40
----------
train Loss: 0.1584 Acc: 0.9395 Precision: 0.9167
val Loss: 0.3086 Acc: 0.9074 Precision: 0.9615
Epoch 40/40
----------
train Loss: 0.1410 Acc: 0.9442 Precision: 0.9691
val Loss: 0.4989 Acc: 0.8519 Precision: 0.8889
Best val Acc: 0.9444
Model saved to /scratch/Users/lupa9404/swe4s_project/results/trained_model.pth
Evaluating the model on the validation dataset...
Test Loss: 0.1822, Test Accuracy: 94.44%, Test Precision: 96.43%
Saving examples of model predictions...
Images saved to /scratch/Users/lupa9404/swe4s_project/results
